#
# A fatal error has been detected by the Java Runtime Environment:
#
#  SIGFPE (0x8) at pc=0x000000011a43d308, pid=6512, tid=8451
#
# JRE version: OpenJDK Runtime Environment Corretto-15.0.2.7.1 (15.0.2+7) (build 15.0.2+7)
# Java VM: OpenJDK 64-Bit Server VM Corretto-15.0.2.7.1 (15.0.2+7, mixed mode, sharing, tiered, compressed oops, g1 gc, bsd-amd64)
# Problematic frame:
# j  SpellOut.convert(I)Ljava/lang/String;+473
#
# No core dump will be written. Core dumps have been disabled. To enable core dumping, try "ulimit -c unlimited" before starting Java again
#
# If you would like to submit a bug report, please visit:
#   https://github.com/corretto/corretto-jdk/issues/
#

---------------  S U M M A R Y ------------

Command Line: -ea -Didea.test.cyclic.buffer.size=1048576 -javaagent:/Applications/IntelliJ IDEA CE.app/Contents/lib/idea_rt.jar=54384:/Applications/IntelliJ IDEA CE.app/Contents/bin -Dfile.encoding=UTF-8 com.intellij.rt.junit.JUnitStarter -ideVersion5 -junit5 SpellOutTest

Host: MacBookPro17,1 x86_64 2400 MHz, 8 cores, 8G, Darwin 20.3.0
Time: Fri Jul  9 00:05:44 2021 JST elapsed time: 0.778584 seconds (0d 0h 0m 0s)

---------------  T H R E A D  ---------------

Current thread (0x00007fc272010c00):  JavaThread "main" [_thread_in_Java, id=8451, stack(0x0000000309ba3000,0x0000000309ca3000)]

Stack: [0x0000000309ba3000,0x0000000309ca3000],  sp=0x0000000309ca0980,  free space=1014k
Native frames: (J=compiled Java code, A=aot compiled Java code, j=interpreted, Vv=VM code, C=native code)
j  SpellOut.convert(I)Ljava/lang/String;+473
j  SpellOutTest.SpellOut()V+70
v  ~StubRoutines::call_stub
V  [libjvm.dylib+0x4b26ad]  _ZN9JavaCalls11call_helperEP9JavaValueRK12methodHandleP17JavaCallArgumentsP6Thread+0x2cd
V  [libjvm.dylib+0x89f803]  _ZL6invokeP13InstanceKlassRK12methodHandle6Handleb14objArrayHandle9BasicTypeS5_bP6Thread+0x8b3
V  [libjvm.dylib+0x89ef31]  _ZN10Reflection13invoke_methodEP7oopDesc6Handle14objArrayHandleP6Thread+0x241
V  [libjvm.dylib+0x5644e9]  JVM_InvokeMethod+0x319
j  jdk.internal.reflect.NativeMethodAccessorImpl.invoke0(Ljava/lang/reflect/Method;Ljava/lang/Object;[Ljava/lang/Object;)Ljava/lang/Object;+0 java.base@15.0.2
j  jdk.internal.reflect.NativeMethodAccessorImpl.invoke(Ljava/lang/Object;[Ljava/lang/Object;)Ljava/lang/Object;+113 java.base@15.0.2
j  jdk.internal.reflect.DelegatingMethodAccessorImpl.invoke(Ljava/lang/Object;[Ljava/lang/Object;)Ljava/lang/Object;+6 java.base@15.0.2
j  java.lang.reflect.Method.invoke(Ljava/lang/Object;[Ljava/lang/Object;)Ljava/lang/Object;+59 java.base@15.0.2
j  org.junit.platform.commons.util.ReflectionUtils.invokeMethod(Ljava/lang/reflect/Method;Ljava/lang/Object;[Ljava/lang/Object;)Ljava/lang/Object;+41
j  org.junit.jupiter.engine.execution.ExecutableInvoker.invoke(Ljava/lang/reflect/Method;Ljava/lang/Object;Lorg/junit/jupiter/api/extension/ExtensionContext;Lorg/junit/jupiter/engine/extension/ExtensionRegistry;)Ljava/lang/Object;+32
j  org.junit.jupiter.engine.descriptor.TestMethodTestDescriptor.lambda$invokeTestMethod$7(Lorg/junit/jupiter/api/extension/ExtensionContext;Lorg/junit/jupiter/engine/execution/JupiterEngineExecutionContext;)V+24
j  org.junit.jupiter.engine.descriptor.TestMethodTestDescriptor$$Lambda$245+0x0000000800bde2a8.execute()V+12
j  org.junit.platform.engine.support.hierarchical.ThrowableCollector.execute(Lorg/junit/platform/engine/support/hierarchical/ThrowableCollector$Executable;)V+1
j  org.junit.jupiter.engine.descriptor.TestMethodTestDescriptor.invokeTestMethod(Lorg/junit/jupiter/engine/execution/JupiterEngineExecutionContext;Lorg/junit/platform/engine/support/hierarchical/Node$DynamicTestExecutor;)V+21
j  org.junit.jupiter.engine.descriptor.TestMethodTestDescriptor.execute(Lorg/junit/jupiter/engine/execution/JupiterEngineExecutionContext;Lorg/junit/platform/engine/support/hierarchical/Node$DynamicTestExecutor;)Lorg/junit/jupiter/engine/execution/JupiterEngineExecutionContext;+44
j  org.junit.jupiter.engine.descriptor.TestMethodTestDescriptor.execute(Lorg/junit/platform/engine/support/hierarchical/EngineExecutionContext;Lorg/junit/platform/engine/support/hierarchical/Node$DynamicTestExecutor;)Lorg/junit/platform/engine/support/hierarchical/EngineExecutionContext;+6
j  org.junit.platform.engine.support.hierarchical.NodeTestTask.lambda$executeRecursively$5()V+79
j  org.junit.platform.engine.support.hierarchical.NodeTestTask$$Lambda$187+0x0000000800bd3320.execute()V+4
j  org.junit.platform.engine.support.hierarchical.ThrowableCollector.execute(Lorg/junit/platform/engine/support/hierarchical/ThrowableCollector$Executable;)V+1
j  org.junit.platform.engine.support.hierarchical.NodeTestTask.lambda$executeRecursively$7(Lorg/junit/platform/engine/support/hierarchical/EngineExecutionContext;)V+15
j  org.junit.platform.engine.support.hierarchical.NodeTestTask$$Lambda$186+0x0000000800bd30f8.invoke(Lorg/junit/platform/engine/support/hierarchical/EngineExecutionContext;)V+5
j  org.junit.platform.engine.support.hierarchical.Node.around(Lorg/junit/platform/engine/support/hierarchical/EngineExecutionContext;Lorg/junit/platform/engine/support/hierarchical/Node$Invocation;)V+2
j  org.junit.platform.engine.support.hierarchical.NodeTestTask.lambda$executeRecursively$8()V+14
j  org.junit.platform.engine.support.hierarchical.NodeTestTask$$Lambda$185+0x0000000800bd2cd0.execute()V+4
j  org.junit.platform.engine.support.hierarchical.ThrowableCollector.execute(Lorg/junit/platform/engine/support/hierarchical/ThrowableCollector$Executable;)V+1
j  org.junit.platform.engine.support.hierarchical.NodeTestTask.executeRecursively()V+31
j  org.junit.platform.engine.support.hierarchical.NodeTestTask.execute()V+55
j  org.junit.platform.engine.support.hierarchical.SameThreadHierarchicalTestExecutorService$$Lambda$191+0x0000000800bd3e28.accept(Ljava/lang/Object;)V+4
j  java.util.ArrayList.forEach(Ljava/util/function/Consumer;)V+46 java.base@15.0.2
j  org.junit.platform.engine.support.hierarchical.SameThreadHierarchicalTestExecutorService.invokeAll(Ljava/util/List;)V+6
j  org.junit.platform.engine.support.hierarchical.NodeTestTask.lambda$executeRecursively$5()V+116
j  org.junit.platform.engine.support.hierarchical.NodeTestTask$$Lambda$187+0x0000000800bd3320.execute()V+4
j  org.junit.platform.engine.support.hierarchical.ThrowableCollector.execute(Lorg/junit/platform/engine/support/hierarchical/ThrowableCollector$Executable;)V+1
j  org.junit.platform.engine.support.hierarchical.NodeTestTask.lambda$executeRecursively$7(Lorg/junit/platform/engine/support/hierarchical/EngineExecutionContext;)V+15
j  org.junit.platform.engine.support.hierarchical.NodeTestTask$$Lambda$186+0x0000000800bd30f8.invoke(Lorg/junit/platform/engine/support/hierarchical/EngineExecutionContext;)V+5
j  org.junit.platform.engine.support.hierarchical.Node.around(Lorg/junit/platform/engine/support/hierarchical/EngineExecutionContext;Lorg/junit/platform/engine/support/hierarchical/Node$Invocation;)V+2
j  org.junit.platform.engine.support.hierarchical.NodeTestTask.lambda$executeRecursively$8()V+14
j  org.junit.platform.engine.support.hierarchical.NodeTestTask$$Lambda$185+0x0000000800bd2cd0.execute()V+4
j  org.junit.platform.engine.support.hierarchical.ThrowableCollector.execute(Lorg/junit/platform/engine/support/hierarchical/ThrowableCollector$Executable;)V+1
j  org.junit.platform.engine.support.hierarchical.NodeTestTask.executeRecursively()V+31
j  org.junit.platform.engine.support.hierarchical.NodeTestTask.execute()V+55
j  org.junit.platform.engine.support.hierarchical.SameThreadHierarchicalTestExecutorService$$Lambda$191+0x0000000800bd3e28.accept(Ljava/lang/Object;)V+4
j  java.util.ArrayList.forEach(Ljava/util/function/Consumer;)V+46 java.base@15.0.2
j  org.junit.platform.engine.support.hierarchical.SameThreadHierarchicalTestExecutorService.invokeAll(Ljava/util/List;)V+6
j  org.junit.platform.engine.support.hierarchical.NodeTestTask.lambda$executeRecursively$5()V+116
j  org.junit.platform.engine.support.hierarchical.NodeTestTask$$Lambda$187+0x0000000800bd3320.execute()V+4
j  org.junit.platform.engine.support.hierarchical.ThrowableCollector.execute(Lorg/junit/platform/engine/support/hierarchical/ThrowableCollector$Executable;)V+1
j  org.junit.platform.engine.support.hierarchical.NodeTestTask.lambda$executeRecursively$7(Lorg/junit/platform/engine/support/hierarchical/EngineExecutionContext;)V+15
j  org.junit.platform.engine.support.hierarchical.NodeTestTask$$Lambda$186+0x0000000800bd30f8.invoke(Lorg/junit/platform/engine/support/hierarchical/EngineExecutionContext;)V+5
j  org.junit.platform.engine.support.hierarchical.Node.around(Lorg/junit/platform/engine/support/hierarchical/EngineExecutionContext;Lorg/junit/platform/engine/support/hierarchical/Node$Invocation;)V+2
j  org.junit.platform.engine.support.hierarchical.NodeTestTask.lambda$executeRecursively$8()V+14
j  org.junit.platform.engine.support.hierarchical.NodeTestTask$$Lambda$185+0x0000000800bd2cd0.execute()V+4
j  org.junit.platform.engine.support.hierarchical.ThrowableCollector.execute(Lorg/junit/platform/engine/support/hierarchical/ThrowableCollector$Executable;)V+1
j  org.junit.platform.engine.support.hierarchical.NodeTestTask.executeRecursively()V+31
j  org.junit.platform.engine.support.hierarchical.NodeTestTask.execute()V+55
j  org.junit.platform.engine.support.hierarchical.SameThreadHierarchicalTestExecutorService.submit(Lorg/junit/platform/engine/support/hierarchical/HierarchicalTestExecutorService$TestTask;)Ljava/util/concurrent/Future;+1
j  org.junit.platform.engine.support.hierarchical.HierarchicalTestExecutor.execute()Ljava/util/concurrent/Future;+74
j  org.junit.platform.engine.support.hierarchical.HierarchicalTestEngine.execute(Lorg/junit/platform/engine/ExecutionRequest;)V+31
j  org.junit.platform.launcher.core.DefaultLauncher.execute(Lorg/junit/platform/engine/TestEngine;Lorg/junit/platform/engine/ExecutionRequest;)V+2
j  org.junit.platform.launcher.core.DefaultLauncher.lambda$execute$6(Lorg/junit/platform/launcher/core/InternalTestPlan;Lorg/junit/platform/launcher/core/Root;Lorg/junit/platform/engine/ConfigurationParameters;Lorg/junit/platform/launcher/TestExecutionListener;)V+76
j  org.junit.platform.launcher.core.DefaultLauncher$$Lambda$149+0x0000000800bbccc8.accept(Ljava/lang/Object;)V+20
j  org.junit.platform.launcher.core.DefaultLauncher.withInterceptedStreams(Lorg/junit/platform/engine/ConfigurationParameters;Lorg/junit/platform/launcher/core/TestExecutionListenerRegistry;Ljava/util/function/Consumer;)V+43
j  org.junit.platform.launcher.core.DefaultLauncher.execute(Lorg/junit/platform/launcher/core/InternalTestPlan;[Lorg/junit/platform/launcher/TestExecutionListener;)V+33
j  org.junit.platform.launcher.core.DefaultLauncher.execute(Lorg/junit/platform/launcher/LauncherDiscoveryRequest;[Lorg/junit/platform/launcher/TestExecutionListener;)V+33
j  com.intellij.junit5.JUnit5IdeaTestRunner.startRunnerWithArgs([Ljava/lang/String;Ljava/lang/String;IZ)I+202
j  com.intellij.rt.junit.IdeaTestRunner$Repeater.startRunnerWithArgs(Lcom/intellij/rt/junit/IdeaTestRunner;[Ljava/lang/String;Ljava/util/ArrayList;Ljava/lang/String;IZ)I+22
j  com.intellij.rt.junit.JUnitStarter.prepareStreamsAndStart([Ljava/lang/String;Ljava/lang/String;Ljava/util/ArrayList;Ljava/lang/String;)I+116
j  com.intellij.rt.junit.JUnitStarter.main([Ljava/lang/String;)V+97
v  ~StubRoutines::call_stub
V  [libjvm.dylib+0x4b26ad]  _ZN9JavaCalls11call_helperEP9JavaValueRK12methodHandleP17JavaCallArgumentsP6Thread+0x2cd
V  [libjvm.dylib+0x515c7a]  _ZL17jni_invoke_staticP7JNIEnv_P9JavaValueP8_jobject11JNICallTypeP10_jmethodIDP18JNI_ArgumentPusherP6Thread+0x1fa
V  [libjvm.dylib+0x5194e2]  jni_CallStaticVoidMethod+0x1a2
C  [libjli.dylib+0x511f]  JavaMain+0x9bf
C  [libjli.dylib+0x7839]  ThreadJavaMain+0x9
C  [libsystem_pthread.dylib+0x6950]  _pthread_start+0xe0
C  [libsystem_pthread.dylib+0x247b]  thread_start+0xf


siginfo: si_signo: 8 (SIGFPE), si_code: 5 (FPE_FLTINV), si_addr: 0x000000011a43d308

Register to memory mapping:

RAX=0x0000000000000136 is an unknown value
RBX=0x0000000000000070 is an unknown value
RCX=0x0 is NULL
RDX=0x0 is NULL
RSP=0x0000000309ca0980 is pointing into the stack for thread: 0x00007fc272010c00
RBP=0x0000000309ca09c8 is pointing into the stack for thread: 0x00007fc272010c00
RSI=0x0000000309ca0908 is pointing into the stack for thread: 0x00007fc272010c00
RDI=0x00007fc28310c320 points into unknown readable memory: 0x00000001300401f8 | f8 01 04 30 01 00 00 00
R8 =0x0000000000007874 is an unknown value
R9 =0xffffffff00000000 is an unknown value
R10=0x00000001104ca8c0: _ZN19TemplateInterpreter13_active_tableE+0x2000 in /Users/tanakashoya/Library/Java/JavaVirtualMachines/corretto-15.0.2/Contents/Home/lib/server/libjvm.dylib at 0x000000010f800000
R11=0x0 is NULL
R12=0x0 is NULL
R13=0x000000013018a410 is pointing into metadata
R14=0x0000000309ca0a10 is pointing into the stack for thread: 0x00007fc272010c00
R15=0x00007fc272010c00 is a thread


Registers:
RAX=0x0000000000000136, RBX=0x0000000000000070, RCX=0x0000000000000000, RDX=0x0000000000000000
RSP=0x0000000309ca0980, RBP=0x0000000309ca09c8, RSI=0x0000000309ca0908, RDI=0x00007fc28310c320
R8 =0x0000000000007874, R9 =0xffffffff00000000, R10=0x00000001104ca8c0, R11=0x0000000000000000
R12=0x0000000000000000, R13=0x000000013018a410, R14=0x0000000309ca0a10, R15=0x00007fc272010c00
RIP=0x000000011a43d308, EFLAGS=0x0000000000000a87, ERR=0x0000000000000000
  TRAPNO=0x0000000000000000

Top of Stack: (sp=0x0000000309ca0980)
0x0000000309ca0980:   0000000309ca0980 000000013018a409
0x0000000309ca0990:   0000000309ca0a10 000000013018aa80
0x0000000309ca09a0:   0000000000000000 0000000787405688
0x0000000309ca09b0:   000000013018a608 0000000000000000
0x0000000309ca09c0:   0000000309ca0a08 0000000309ca0a68
0x0000000309ca09d0:   000000011a432c40 0000000000000000
0x0000000309ca09e0:   0000000000000000 0000000000000000
0x0000000309ca09f0:   0000000000000001 0000000000000000
0x0000000309ca0a00:   0000000000000000 0000000000000136
0x0000000309ca0a10:   0000000787406530 000000078740b120
0x0000000309ca0a20:   0000000309ca0a20 000000013008d1c6
0x0000000309ca0a30:   0000000309ca0a98 0000000130102fd8
0x0000000309ca0a40:   0000000000000000 0000000787cf7400
0x0000000309ca0a50:   000000013008d218 0000000309ca0a08
0x0000000309ca0a60:   0000000309ca0a98 0000000309ca0b00
0x0000000309ca0a70:   000000011a429947 000000078740b160
0x0000000309ca0a80:   000000078740b348 000000078740afd0
0x0000000309ca0a90:   0000000787406530 00000007875cd678
0x0000000309ca0aa0:   46c43d4700001fa0 00007fc272010c00
0x0000000309ca0ab0:   0000000309ca0d00 0000000309ca0c18
0x0000000309ca0ac0:   0000000309ca0c40 0000000000000001
0x0000000309ca0ad0:   0000000309ca0b58 0000000309ca0c20
0x0000000309ca0ae0:   000000000000000a 000000013008d218
0x0000000309ca0af0:   000000011a436f40 0000000309ca0d08
0x0000000309ca0b00:   0000000309ca0be0 000000010fcb26ad
0x0000000309ca0b10:   0000000000000001 00007fc272010c00
0x0000000309ca0b20:   00007fc272010c00 00007fc28310c1f0
0x0000000309ca0b30:   00007fc28310c230 00007fc28310c260
0x0000000309ca0b40:   00007fc28310c318 00000000000000d8
0x0000000309ca0b50:   0000000309ca2bc0 00007fc272010c00
0x0000000309ca0b60:   00007fc281d39a90 000000013008d218
0x0000000309ca0b70:   00000007875cd678 0000000309ca0e80 

Instructions: (pc=0x000000011a43d308)
0x000000011a43d208:   50 96 2e 10 01 00 00 00 6e 00 00 00 00 00 00 00
0x000000011a43d218:   00 00 00 00 00 00 00 00 f3 0f 10 04 24 48 83 c4
0x000000011a43d228:   08 0f 28 c8 f3 0f 10 04 24 48 83 c4 08 f3 0f 5e
0x000000011a43d238:   c1 41 0f b6 5d 01 49 ff c5 49 ba c0 b8 4c 10 01
0x000000011a43d248:   00 00 00 41 ff 24 da 90 00 00 00 00 00 00 00 00
0x000000011a43d258:   00 00 00 00 00 00 00 00 60 00 00 00 00 00 00 00
0x000000011a43d268:   55 96 2e 10 01 00 00 00 6f 00 00 00 00 00 00 00
0x000000011a43d278:   00 00 00 00 00 00 00 00 f2 0f 10 04 24 48 83 c4
0x000000011a43d288:   10 66 0f 28 c8 f2 0f 10 04 24 48 83 c4 10 f2 0f
0x000000011a43d298:   5e c1 41 0f b6 5d 01 49 ff c5 49 ba c0 c0 4c 10
0x000000011a43d2a8:   01 00 00 00 41 ff 24 da 00 00 00 00 00 00 00 00
0x000000011a43d2b8:   00 00 00 00 00 00 00 00 80 00 00 00 00 00 00 00
0x000000011a43d2c8:   5a 96 2e 10 01 00 00 00 70 00 00 00 00 00 00 00
0x000000011a43d2d8:   00 00 00 00 00 00 00 00 8b 04 24 48 83 c4 08 8b
0x000000011a43d2e8:   c8 8b 04 24 48 83 c4 08 81 f8 00 00 00 80 0f 85
0x000000011a43d2f8:   0b 00 00 00 33 d2 83 f9 ff 0f 84 03 00 00 00 99
0x000000011a43d308:   f7 f9 8b c2 41 0f b6 5d 01 49 ff c5 49 ba c0 a8
0x000000011a43d318:   4c 10 01 00 00 00 41 ff 24 da 66 0f 1f 44 00 00
0x000000011a43d328:   00 00 00 00 00 00 00 00 00 00 00 00 00 00 00 00
0x000000011a43d338:   00 00 00 00 00 00 00 00 80 00 00 00 00 00 00 00
0x000000011a43d348:   5f 96 2e 10 01 00 00 00 71 00 00 00 00 00 00 00
0x000000011a43d358:   00 00 00 00 00 00 00 00 48 8b 04 24 48 83 c4 10
0x000000011a43d368:   48 8b c8 48 8b 04 24 48 83 c4 10 48 85 c9 0f 84
0x000000011a43d378:   b3 98 ff ff 48 3b 05 ad e4 f2 f5 0f 85 0c 00 00
0x000000011a43d388:   00 33 d2 48 83 f9 ff 0f 84 05 00 00 00 48 99 48
0x000000011a43d398:   f7 f9 48 8b c2 41 0f b6 5d 01 49 ff c5 49 ba c0
0x000000011a43d3a8:   b0 4c 10 01 00 00 00 41 ff 24 da 0f 1f 44 00 00
0x000000011a43d3b8:   00 00 00 00 00 00 00 00 80 00 00 00 00 00 00 00
0x000000011a43d3c8:   64 96 2e 10 01 00 00 00 72 00 00 00 00 00 00 00
0x000000011a43d3d8:   00 00 00 00 00 00 00 00 f3 0f 10 04 24 48 83 c4
0x000000011a43d3e8:   08 0f 28 c8 f3 0f 10 04 24 48 83 c4 08 f7 c4 0f
0x000000011a43d3f8:   00 00 00 0f 84 12 00 00 00 48 83 ec 08 e8 b6 6e 


Stack slot to memory mapping:
stack at sp + 0 slots: 0x0000000309ca0980 is pointing into the stack for thread: 0x00007fc272010c00
stack at sp + 1 slots: 0x000000013018a409 is pointing into metadata
stack at sp + 2 slots: 0x0000000309ca0a10 is pointing into the stack for thread: 0x00007fc272010c00
stack at sp + 3 slots: 0x000000013018aa80 is pointing into metadata
stack at sp + 4 slots: 0x0 is NULL
stack at sp + 5 slots: 0x0000000787405688 is an oop: java.lang.Class 
{0x0000000787405688} - klass: 'java/lang/Class'
stack at sp + 6 slots: {method} {0x000000013018a608} 'convert' '(I)Ljava/lang/String;' in 'SpellOut'
stack at sp + 7 slots: 0x0 is NULL

irem  112 irem  [0x000000011a43d2e0, 0x000000011a43d340]  96 bytes
[MachCode]
  0x000000011a43d2e0: 8b04 2448 | 83c4 088b | c88b 0424 | 4883 c408 | 81f8 0000 | 0080 0f85 | 0b00 0000 | 33d2 83f9 
  0x000000011a43d300: ff0f 8403 | 0000 0099 | f7f9 8bc2 | 410f b65d | 0149 ffc5 | 49ba c0a8 | 4c10 0100 | 0000 41ff 
  0x000000011a43d320: 24da 660f | 1f44 0000 | 0000 0000 | 0000 0000 | 0000 0000 | 0000 0000 | 0000 0000 | 0000 0000 
[/MachCode]

---------------  P R O C E S S  ---------------

Threads class SMR info:
_java_thread_list=0x00007fc283123720, length=11, elements={
0x00007fc272010c00, 0x00007fc2828baa00, 0x00007fc28200f000, 0x00007fc272010400,
0x00007fc28380e000, 0x00007fc28200f600, 0x00007fc272012c00, 0x00007fc272013200,
0x00007fc2828bb000, 0x00007fc272014000, 0x00007fc27201ca00
}

Java Threads: ( => current thread )
=>0x00007fc272010c00 JavaThread "main" [_thread_in_Java, id=8451, stack(0x0000000309ba3000,0x0000000309ca3000)]
  0x00007fc2828baa00 JavaThread "Reference Handler" daemon [_thread_blocked, id=15363, stack(0x000000030a2b8000,0x000000030a3b8000)]
  0x00007fc28200f000 JavaThread "Finalizer" daemon [_thread_blocked, id=22787, stack(0x000000030a3bb000,0x000000030a4bb000)]
  0x00007fc272010400 JavaThread "Signal Dispatcher" daemon [_thread_blocked, id=41475, stack(0x000000030a5cf000,0x000000030a6cf000)]
  0x00007fc28380e000 JavaThread "Service Thread" daemon [_thread_blocked, id=40707, stack(0x000000030a6d2000,0x000000030a7d2000)]
  0x00007fc28200f600 JavaThread "C2 CompilerThread0" daemon [_thread_blocked, id=39939, stack(0x000000030a7d5000,0x000000030a8d5000)]
  0x00007fc272012c00 JavaThread "C1 CompilerThread0" daemon [_thread_blocked, id=26115, stack(0x000000030a8d8000,0x000000030a9d8000)]
  0x00007fc272013200 JavaThread "Sweeper thread" daemon [_thread_blocked, id=38403, stack(0x000000030a9db000,0x000000030aadb000)]
  0x00007fc2828bb000 JavaThread "Common-Cleaner" daemon [_thread_blocked, id=37635, stack(0x000000030aade000,0x000000030abde000)]
  0x00007fc272014000 JavaThread "Monitor Ctrl-Break" daemon [_thread_in_native, id=36355, stack(0x000000030abe1000,0x000000030ace1000)]
  0x00007fc27201ca00 JavaThread "Notification Thread" daemon [_thread_blocked, id=35331, stack(0x000000030ace4000,0x000000030ade4000)]

Other Threads:
  0x00007fc281d38cb0 VMThread "VM Thread" [stack: 0x000000030a1b5000,0x000000030a2b5000] [id=14595]
  0x00007fc281c38e00 WatcherThread [stack: 0x000000030ade7000,0x000000030aee7000] [id=34819]
  0x00007fc281d0d070 GCTaskThread "GC Thread#0" [stack: 0x0000000309ca6000,0x0000000309da6000] [id=17667]
  0x00007fc281d0e240 ConcurrentGCThread "G1 Main Marker" [stack: 0x0000000309da9000,0x0000000309ea9000] [id=17411]
  0x00007fc281d0f340 ConcurrentGCThread "G1 Conc#0" [stack: 0x0000000309eac000,0x0000000309fac000] [id=13827]
  0x00007fc281d2bf80 ConcurrentGCThread "G1 Refine#0" [stack: 0x0000000309faf000,0x000000030a0af000] [id=14083]
  0x00007fc281d2d030 ConcurrentGCThread "G1 Young RemSet Sampling" [stack: 0x000000030a0b2000,0x000000030a1b2000] [id=16131]

Threads with active compile tasks:

VM state: not at safepoint (normal execution)

VM Mutex/Monitor currently owned by a thread: None

Heap address: 0x0000000780000000, size: 2048 MB, Compressed Oops mode: Zero based, Oop shift amount: 3
CDS archive(s) mapped at: [0x0000000800000000-0x0000000800b2f000-0x0000000800b2f000), size 11726848, SharedBaseAddress: 0x0000000800000000, ArchiveRelocationMode: 0.
Compressed class space mapped at: 0x0000000800b30000-0x0000000840b30000, size: 1073741824
Narrow klass base: 0x0000000800000000, Narrow klass shift: 3, Narrow klass range: 0x100000000

GC Precious Log:
 CPUs: 8 total, 8 available
 Memory: 8192M
 Large Page Support: Disabled
 NUMA Support: Disabled
 Compressed Oops: Enabled (Zero based)
 Heap Region Size: 1M
 Heap Min Capacity: 8M
 Heap Initial Capacity: 128M
 Heap Max Capacity: 2G
 Pre-touch: Disabled
 Parallel Workers: 8
 Concurrent Workers: 2
 Concurrent Refinement Workers: 8
 Periodic GC: Disabled

Heap:
 garbage-first heap   total 133120K, used 12072K [0x0000000780000000, 0x0000000800000000)
  region size 1024K, 12 young (12288K), 0 survivors (0K)
 Metaspace       used 3945K, capacity 6213K, committed 6400K, reserved 1056768K
  class space    used 518K, capacity 703K, committed 768K, reserved 1048576K

Heap Regions: E=young(eden), S=young(survivor), O=old, HS=humongous(starts), HC=humongous(continues), CS=collection set, F=free, OA=open archive, CA=closed archive, TAMS=top-at-mark-start (previous, next)
|   0|0x0000000780000000, 0x0000000780000000, 0x0000000780100000|  0%| F|  |TAMS 0x0000000780000000, 0x0000000780000000| Untracked 
|   1|0x0000000780100000, 0x0000000780100000, 0x0000000780200000|  0%| F|  |TAMS 0x0000000780100000, 0x0000000780100000| Untracked 
|   2|0x0000000780200000, 0x0000000780200000, 0x0000000780300000|  0%| F|  |TAMS 0x0000000780200000, 0x0000000780200000| Untracked 
|   3|0x0000000780300000, 0x0000000780300000, 0x0000000780400000|  0%| F|  |TAMS 0x0000000780300000, 0x0000000780300000| Untracked 
|   4|0x0000000780400000, 0x0000000780400000, 0x0000000780500000|  0%| F|  |TAMS 0x0000000780400000, 0x0000000780400000| Untracked 
|   5|0x0000000780500000, 0x0000000780500000, 0x0000000780600000|  0%| F|  |TAMS 0x0000000780500000, 0x0000000780500000| Untracked 
|   6|0x0000000780600000, 0x0000000780600000, 0x0000000780700000|  0%| F|  |TAMS 0x0000000780600000, 0x0000000780600000| Untracked 
|   7|0x0000000780700000, 0x0000000780700000, 0x0000000780800000|  0%| F|  |TAMS 0x0000000780700000, 0x0000000780700000| Untracked 
|   8|0x0000000780800000, 0x0000000780800000, 0x0000000780900000|  0%| F|  |TAMS 0x0000000780800000, 0x0000000780800000| Untracked 
|   9|0x0000000780900000, 0x0000000780900000, 0x0000000780a00000|  0%| F|  |TAMS 0x0000000780900000, 0x0000000780900000| Untracked 
|  10|0x0000000780a00000, 0x0000000780a00000, 0x0000000780b00000|  0%| F|  |TAMS 0x0000000780a00000, 0x0000000780a00000| Untracked 
|  11|0x0000000780b00000, 0x0000000780b00000, 0x0000000780c00000|  0%| F|  |TAMS 0x0000000780b00000, 0x0000000780b00000| Untracked 
|  12|0x0000000780c00000, 0x0000000780c00000, 0x0000000780d00000|  0%| F|  |TAMS 0x0000000780c00000, 0x0000000780c00000| Untracked 
|  13|0x0000000780d00000, 0x0000000780d00000, 0x0000000780e00000|  0%| F|  |TAMS 0x0000000780d00000, 0x0000000780d00000| Untracked 
|  14|0x0000000780e00000, 0x0000000780e00000, 0x0000000780f00000|  0%| F|  |TAMS 0x0000000780e00000, 0x0000000780e00000| Untracked 
|  15|0x0000000780f00000, 0x0000000780f00000, 0x0000000781000000|  0%| F|  |TAMS 0x0000000780f00000, 0x0000000780f00000| Untracked 
|  16|0x0000000781000000, 0x0000000781000000, 0x0000000781100000|  0%| F|  |TAMS 0x0000000781000000, 0x0000000781000000| Untracked 
|  17|0x0000000781100000, 0x0000000781100000, 0x0000000781200000|  0%| F|  |TAMS 0x0000000781100000, 0x0000000781100000| Untracked 
|  18|0x0000000781200000, 0x0000000781200000, 0x0000000781300000|  0%| F|  |TAMS 0x0000000781200000, 0x0000000781200000| Untracked 
|  19|0x0000000781300000, 0x0000000781300000, 0x0000000781400000|  0%| F|  |TAMS 0x0000000781300000, 0x0000000781300000| Untracked 
|  20|0x0000000781400000, 0x0000000781400000, 0x0000000781500000|  0%| F|  |TAMS 0x0000000781400000, 0x0000000781400000| Untracked 
|  21|0x0000000781500000, 0x0000000781500000, 0x0000000781600000|  0%| F|  |TAMS 0x0000000781500000, 0x0000000781500000| Untracked 
|  22|0x0000000781600000, 0x0000000781600000, 0x0000000781700000|  0%| F|  |TAMS 0x0000000781600000, 0x0000000781600000| Untracked 
|  23|0x0000000781700000, 0x0000000781700000, 0x0000000781800000|  0%| F|  |TAMS 0x0000000781700000, 0x0000000781700000| Untracked 
|  24|0x0000000781800000, 0x0000000781800000, 0x0000000781900000|  0%| F|  |TAMS 0x0000000781800000, 0x0000000781800000| Untracked 
|  25|0x0000000781900000, 0x0000000781900000, 0x0000000781a00000|  0%| F|  |TAMS 0x0000000781900000, 0x0000000781900000| Untracked 
|  26|0x0000000781a00000, 0x0000000781a00000, 0x0000000781b00000|  0%| F|  |TAMS 0x0000000781a00000, 0x0000000781a00000| Untracked 
|  27|0x0000000781b00000, 0x0000000781b00000, 0x0000000781c00000|  0%| F|  |TAMS 0x0000000781b00000, 0x0000000781b00000| Untracked 
|  28|0x0000000781c00000, 0x0000000781c00000, 0x0000000781d00000|  0%| F|  |TAMS 0x0000000781c00000, 0x0000000781c00000| Untracked 
|  29|0x0000000781d00000, 0x0000000781d00000, 0x0000000781e00000|  0%| F|  |TAMS 0x0000000781d00000, 0x0000000781d00000| Untracked 
|  30|0x0000000781e00000, 0x0000000781e00000, 0x0000000781f00000|  0%| F|  |TAMS 0x0000000781e00000, 0x0000000781e00000| Untracked 
|  31|0x0000000781f00000, 0x0000000781f00000, 0x0000000782000000|  0%| F|  |TAMS 0x0000000781f00000, 0x0000000781f00000| Untracked 
|  32|0x0000000782000000, 0x0000000782000000, 0x0000000782100000|  0%| F|  |TAMS 0x0000000782000000, 0x0000000782000000| Untracked 
|  33|0x0000000782100000, 0x0000000782100000, 0x0000000782200000|  0%| F|  |TAMS 0x0000000782100000, 0x0000000782100000| Untracked 
|  34|0x0000000782200000, 0x0000000782200000, 0x0000000782300000|  0%| F|  |TAMS 0x0000000782200000, 0x0000000782200000| Untracked 
|  35|0x0000000782300000, 0x0000000782300000, 0x0000000782400000|  0%| F|  |TAMS 0x0000000782300000, 0x0000000782300000| Untracked 
|  36|0x0000000782400000, 0x0000000782400000, 0x0000000782500000|  0%| F|  |TAMS 0x0000000782400000, 0x0000000782400000| Untracked 
|  37|0x0000000782500000, 0x0000000782500000, 0x0000000782600000|  0%| F|  |TAMS 0x0000000782500000, 0x0000000782500000| Untracked 
|  38|0x0000000782600000, 0x0000000782600000, 0x0000000782700000|  0%| F|  |TAMS 0x0000000782600000, 0x0000000782600000| Untracked 
|  39|0x0000000782700000, 0x0000000782700000, 0x0000000782800000|  0%| F|  |TAMS 0x0000000782700000, 0x0000000782700000| Untracked 
|  40|0x0000000782800000, 0x0000000782800000, 0x0000000782900000|  0%| F|  |TAMS 0x0000000782800000, 0x0000000782800000| Untracked 
|  41|0x0000000782900000, 0x0000000782900000, 0x0000000782a00000|  0%| F|  |TAMS 0x0000000782900000, 0x0000000782900000| Untracked 
|  42|0x0000000782a00000, 0x0000000782a00000, 0x0000000782b00000|  0%| F|  |TAMS 0x0000000782a00000, 0x0000000782a00000| Untracked 
|  43|0x0000000782b00000, 0x0000000782b00000, 0x0000000782c00000|  0%| F|  |TAMS 0x0000000782b00000, 0x0000000782b00000| Untracked 
|  44|0x0000000782c00000, 0x0000000782c00000, 0x0000000782d00000|  0%| F|  |TAMS 0x0000000782c00000, 0x0000000782c00000| Untracked 
|  45|0x0000000782d00000, 0x0000000782d00000, 0x0000000782e00000|  0%| F|  |TAMS 0x0000000782d00000, 0x0000000782d00000| Untracked 
|  46|0x0000000782e00000, 0x0000000782e00000, 0x0000000782f00000|  0%| F|  |TAMS 0x0000000782e00000, 0x0000000782e00000| Untracked 
|  47|0x0000000782f00000, 0x0000000782f00000, 0x0000000783000000|  0%| F|  |TAMS 0x0000000782f00000, 0x0000000782f00000| Untracked 
|  48|0x0000000783000000, 0x0000000783000000, 0x0000000783100000|  0%| F|  |TAMS 0x0000000783000000, 0x0000000783000000| Untracked 
|  49|0x0000000783100000, 0x0000000783100000, 0x0000000783200000|  0%| F|  |TAMS 0x0000000783100000, 0x0000000783100000| Untracked 
|  50|0x0000000783200000, 0x0000000783200000, 0x0000000783300000|  0%| F|  |TAMS 0x0000000783200000, 0x0000000783200000| Untracked 
|  51|0x0000000783300000, 0x0000000783300000, 0x0000000783400000|  0%| F|  |TAMS 0x0000000783300000, 0x0000000783300000| Untracked 
|  52|0x0000000783400000, 0x0000000783400000, 0x0000000783500000|  0%| F|  |TAMS 0x0000000783400000, 0x0000000783400000| Untracked 
|  53|0x0000000783500000, 0x0000000783500000, 0x0000000783600000|  0%| F|  |TAMS 0x0000000783500000, 0x0000000783500000| Untracked 
|  54|0x0000000783600000, 0x0000000783600000, 0x0000000783700000|  0%| F|  |TAMS 0x0000000783600000, 0x0000000783600000| Untracked 
|  55|0x0000000783700000, 0x0000000783700000, 0x0000000783800000|  0%| F|  |TAMS 0x0000000783700000, 0x0000000783700000| Untracked 
|  56|0x0000000783800000, 0x0000000783800000, 0x0000000783900000|  0%| F|  |TAMS 0x0000000783800000, 0x0000000783800000| Untracked 
|  57|0x0000000783900000, 0x0000000783900000, 0x0000000783a00000|  0%| F|  |TAMS 0x0000000783900000, 0x0000000783900000| Untracked 
|  58|0x0000000783a00000, 0x0000000783a00000, 0x0000000783b00000|  0%| F|  |TAMS 0x0000000783a00000, 0x0000000783a00000| Untracked 
|  59|0x0000000783b00000, 0x0000000783b00000, 0x0000000783c00000|  0%| F|  |TAMS 0x0000000783b00000, 0x0000000783b00000| Untracked 
|  60|0x0000000783c00000, 0x0000000783c00000, 0x0000000783d00000|  0%| F|  |TAMS 0x0000000783c00000, 0x0000000783c00000| Untracked 
|  61|0x0000000783d00000, 0x0000000783d00000, 0x0000000783e00000|  0%| F|  |TAMS 0x0000000783d00000, 0x0000000783d00000| Untracked 
|  62|0x0000000783e00000, 0x0000000783e00000, 0x0000000783f00000|  0%| F|  |TAMS 0x0000000783e00000, 0x0000000783e00000| Untracked 
|  63|0x0000000783f00000, 0x0000000783f00000, 0x0000000784000000|  0%| F|  |TAMS 0x0000000783f00000, 0x0000000783f00000| Untracked 
|  64|0x0000000784000000, 0x0000000784000000, 0x0000000784100000|  0%| F|  |TAMS 0x0000000784000000, 0x0000000784000000| Untracked 
|  65|0x0000000784100000, 0x0000000784100000, 0x0000000784200000|  0%| F|  |TAMS 0x0000000784100000, 0x0000000784100000| Untracked 
|  66|0x0000000784200000, 0x0000000784200000, 0x0000000784300000|  0%| F|  |TAMS 0x0000000784200000, 0x0000000784200000| Untracked 
|  67|0x0000000784300000, 0x0000000784300000, 0x0000000784400000|  0%| F|  |TAMS 0x0000000784300000, 0x0000000784300000| Untracked 
|  68|0x0000000784400000, 0x0000000784400000, 0x0000000784500000|  0%| F|  |TAMS 0x0000000784400000, 0x0000000784400000| Untracked 
|  69|0x0000000784500000, 0x0000000784500000, 0x0000000784600000|  0%| F|  |TAMS 0x0000000784500000, 0x0000000784500000| Untracked 
|  70|0x0000000784600000, 0x0000000784600000, 0x0000000784700000|  0%| F|  |TAMS 0x0000000784600000, 0x0000000784600000| Untracked 
|  71|0x0000000784700000, 0x0000000784700000, 0x0000000784800000|  0%| F|  |TAMS 0x0000000784700000, 0x0000000784700000| Untracked 
|  72|0x0000000784800000, 0x0000000784800000, 0x0000000784900000|  0%| F|  |TAMS 0x0000000784800000, 0x0000000784800000| Untracked 
|  73|0x0000000784900000, 0x0000000784900000, 0x0000000784a00000|  0%| F|  |TAMS 0x0000000784900000, 0x0000000784900000| Untracked 
|  74|0x0000000784a00000, 0x0000000784a00000, 0x0000000784b00000|  0%| F|  |TAMS 0x0000000784a00000, 0x0000000784a00000| Untracked 
|  75|0x0000000784b00000, 0x0000000784b00000, 0x0000000784c00000|  0%| F|  |TAMS 0x0000000784b00000, 0x0000000784b00000| Untracked 
|  76|0x0000000784c00000, 0x0000000784c00000, 0x0000000784d00000|  0%| F|  |TAMS 0x0000000784c00000, 0x0000000784c00000| Untracked 
|  77|0x0000000784d00000, 0x0000000784d00000, 0x0000000784e00000|  0%| F|  |TAMS 0x0000000784d00000, 0x0000000784d00000| Untracked 
|  78|0x0000000784e00000, 0x0000000784e00000, 0x0000000784f00000|  0%| F|  |TAMS 0x0000000784e00000, 0x0000000784e00000| Untracked 
|  79|0x0000000784f00000, 0x0000000784f00000, 0x0000000785000000|  0%| F|  |TAMS 0x0000000784f00000, 0x0000000784f00000| Untracked 
|  80|0x0000000785000000, 0x0000000785000000, 0x0000000785100000|  0%| F|  |TAMS 0x0000000785000000, 0x0000000785000000| Untracked 
|  81|0x0000000785100000, 0x0000000785100000, 0x0000000785200000|  0%| F|  |TAMS 0x0000000785100000, 0x0000000785100000| Untracked 
|  82|0x0000000785200000, 0x0000000785200000, 0x0000000785300000|  0%| F|  |TAMS 0x0000000785200000, 0x0000000785200000| Untracked 
|  83|0x0000000785300000, 0x0000000785300000, 0x0000000785400000|  0%| F|  |TAMS 0x0000000785300000, 0x0000000785300000| Untracked 
|  84|0x0000000785400000, 0x0000000785400000, 0x0000000785500000|  0%| F|  |TAMS 0x0000000785400000, 0x0000000785400000| Untracked 
|  85|0x0000000785500000, 0x0000000785500000, 0x0000000785600000|  0%| F|  |TAMS 0x0000000785500000, 0x0000000785500000| Untracked 
|  86|0x0000000785600000, 0x0000000785600000, 0x0000000785700000|  0%| F|  |TAMS 0x0000000785600000, 0x0000000785600000| Untracked 
|  87|0x0000000785700000, 0x0000000785700000, 0x0000000785800000|  0%| F|  |TAMS 0x0000000785700000, 0x0000000785700000| Untracked 
|  88|0x0000000785800000, 0x0000000785800000, 0x0000000785900000|  0%| F|  |TAMS 0x0000000785800000, 0x0000000785800000| Untracked 
|  89|0x0000000785900000, 0x0000000785900000, 0x0000000785a00000|  0%| F|  |TAMS 0x0000000785900000, 0x0000000785900000| Untracked 
|  90|0x0000000785a00000, 0x0000000785a00000, 0x0000000785b00000|  0%| F|  |TAMS 0x0000000785a00000, 0x0000000785a00000| Untracked 
|  91|0x0000000785b00000, 0x0000000785b00000, 0x0000000785c00000|  0%| F|  |TAMS 0x0000000785b00000, 0x0000000785b00000| Untracked 
|  92|0x0000000785c00000, 0x0000000785c00000, 0x0000000785d00000|  0%| F|  |TAMS 0x0000000785c00000, 0x0000000785c00000| Untracked 
|  93|0x0000000785d00000, 0x0000000785d00000, 0x0000000785e00000|  0%| F|  |TAMS 0x0000000785d00000, 0x0000000785d00000| Untracked 
|  94|0x0000000785e00000, 0x0000000785e00000, 0x0000000785f00000|  0%| F|  |TAMS 0x0000000785e00000, 0x0000000785e00000| Untracked 
|  95|0x0000000785f00000, 0x0000000785f00000, 0x0000000786000000|  0%| F|  |TAMS 0x0000000785f00000, 0x0000000785f00000| Untracked 
|  96|0x0000000786000000, 0x0000000786000000, 0x0000000786100000|  0%| F|  |TAMS 0x0000000786000000, 0x0000000786000000| Untracked 
|  97|0x0000000786100000, 0x0000000786100000, 0x0000000786200000|  0%| F|  |TAMS 0x0000000786100000, 0x0000000786100000| Untracked 
|  98|0x0000000786200000, 0x0000000786200000, 0x0000000786300000|  0%| F|  |TAMS 0x0000000786200000, 0x0000000786200000| Untracked 
|  99|0x0000000786300000, 0x0000000786300000, 0x0000000786400000|  0%| F|  |TAMS 0x0000000786300000, 0x0000000786300000| Untracked 
| 100|0x0000000786400000, 0x0000000786400000, 0x0000000786500000|  0%| F|  |TAMS 0x0000000786400000, 0x0000000786400000| Untracked 
| 101|0x0000000786500000, 0x0000000786500000, 0x0000000786600000|  0%| F|  |TAMS 0x0000000786500000, 0x0000000786500000| Untracked 
| 102|0x0000000786600000, 0x0000000786600000, 0x0000000786700000|  0%| F|  |TAMS 0x0000000786600000, 0x0000000786600000| Untracked 
| 103|0x0000000786700000, 0x0000000786700000, 0x0000000786800000|  0%| F|  |TAMS 0x0000000786700000, 0x0000000786700000| Untracked 
| 104|0x0000000786800000, 0x0000000786800000, 0x0000000786900000|  0%| F|  |TAMS 0x0000000786800000, 0x0000000786800000| Untracked 
| 105|0x0000000786900000, 0x0000000786900000, 0x0000000786a00000|  0%| F|  |TAMS 0x0000000786900000, 0x0000000786900000| Untracked 
| 106|0x0000000786a00000, 0x0000000786a00000, 0x0000000786b00000|  0%| F|  |TAMS 0x0000000786a00000, 0x0000000786a00000| Untracked 
| 107|0x0000000786b00000, 0x0000000786b00000, 0x0000000786c00000|  0%| F|  |TAMS 0x0000000786b00000, 0x0000000786b00000| Untracked 
| 108|0x0000000786c00000, 0x0000000786c00000, 0x0000000786d00000|  0%| F|  |TAMS 0x0000000786c00000, 0x0000000786c00000| Untracked 
| 109|0x0000000786d00000, 0x0000000786d00000, 0x0000000786e00000|  0%| F|  |TAMS 0x0000000786d00000, 0x0000000786d00000| Untracked 
| 110|0x0000000786e00000, 0x0000000786e00000, 0x0000000786f00000|  0%| F|  |TAMS 0x0000000786e00000, 0x0000000786e00000| Untracked 
| 111|0x0000000786f00000, 0x0000000786f00000, 0x0000000787000000|  0%| F|  |TAMS 0x0000000786f00000, 0x0000000786f00000| Untracked 
| 112|0x0000000787000000, 0x0000000787000000, 0x0000000787100000|  0%| F|  |TAMS 0x0000000787000000, 0x0000000787000000| Untracked 
| 113|0x0000000787100000, 0x0000000787100000, 0x0000000787200000|  0%| F|  |TAMS 0x0000000787100000, 0x0000000787100000| Untracked 
| 114|0x0000000787200000, 0x0000000787200000, 0x0000000787300000|  0%| F|  |TAMS 0x0000000787200000, 0x0000000787200000| Untracked 
| 115|0x0000000787300000, 0x0000000787300000, 0x0000000787400000|  0%| F|  |TAMS 0x0000000787300000, 0x0000000787300000| Untracked 
| 116|0x0000000787400000, 0x0000000787476498, 0x0000000787500000| 46%| E|  |TAMS 0x0000000787400000, 0x0000000787400000| Complete 
| 117|0x0000000787500000, 0x0000000787600000, 0x0000000787600000|100%| E|CS|TAMS 0x0000000787500000, 0x0000000787500000| Complete 
| 118|0x0000000787600000, 0x0000000787700000, 0x0000000787700000|100%| E|CS|TAMS 0x0000000787600000, 0x0000000787600000| Complete 
| 119|0x0000000787700000, 0x0000000787800000, 0x0000000787800000|100%| E|CS|TAMS 0x0000000787700000, 0x0000000787700000| Complete 
| 120|0x0000000787800000, 0x0000000787900000, 0x0000000787900000|100%| E|CS|TAMS 0x0000000787800000, 0x0000000787800000| Complete 
| 121|0x0000000787900000, 0x0000000787a00000, 0x0000000787a00000|100%| E|CS|TAMS 0x0000000787900000, 0x0000000787900000| Complete 
| 122|0x0000000787a00000, 0x0000000787b00000, 0x0000000787b00000|100%| E|CS|TAMS 0x0000000787a00000, 0x0000000787a00000| Complete 
| 123|0x0000000787b00000, 0x0000000787c00000, 0x0000000787c00000|100%| E|CS|TAMS 0x0000000787b00000, 0x0000000787b00000| Complete 
| 124|0x0000000787c00000, 0x0000000787d00000, 0x0000000787d00000|100%| E|CS|TAMS 0x0000000787c00000, 0x0000000787c00000| Complete 
| 125|0x0000000787d00000, 0x0000000787e00000, 0x0000000787e00000|100%| E|CS|TAMS 0x0000000787d00000, 0x0000000787d00000| Complete 
| 126|0x0000000787e00000, 0x0000000787f00000, 0x0000000787f00000|100%| E|CS|TAMS 0x0000000787e00000, 0x0000000787e00000| Complete 
| 127|0x0000000787f00000, 0x0000000788000000, 0x0000000788000000|100%| E|CS|TAMS 0x0000000787f00000, 0x0000000787f00000| Complete 
|1022|0x00000007bfe00000, 0x00000007bfe51000, 0x00000007bff00000| 31%|OA|  |TAMS 0x00000007bfe00000, 0x00000007bfe00000| Untracked 
|1023|0x00000007bff00000, 0x00000007bff79000, 0x00000007c0000000| 47%|CA|  |TAMS 0x00000007bff00000, 0x00000007bff00000| Untracked 

Card table byte_map: [0x0000000129429000,0x0000000129829000] _byte_map_base: 0x0000000125829000

Marking Bits (Prev, Next): (CMBitMap*) 0x00007fc282824010, (CMBitMap*) 0x00007fc282824050
 Prev Bits: [0x0000000129c29000, 0x000000012bc29000)
 Next Bits: [0x000000012bc29000, 0x000000012dc29000)

Polling page: 0x0000000102d00000

Metaspace:

Usage:
  Non-class:      5.38 MB capacity,     3.35 MB ( 62%) used,     2.03 MB ( 38%) free+waste,     7.81 KB ( <1%) overhead. 
      Class:    703.00 KB capacity,   518.92 KB ( 74%) used,   180.08 KB ( 26%) free+waste,     4.00 KB ( <1%) overhead. 
       Both:      6.07 MB capacity,     3.85 MB ( 63%) used,     2.20 MB ( 36%) free+waste,    11.81 KB ( <1%) overhead. 

Virtual space:
  Non-class space:        8.00 MB reserved,       5.50 MB ( 69%) committed 
      Class space:        1.00 GB reserved,     768.00 KB ( <1%) committed 
             Both:        1.01 GB reserved,       6.25 MB ( <1%) committed 

Chunk freelists:
   Non-Class:  10.00 KB
       Class:  1.00 KB
        Both:  11.00 KB

MaxMetaspaceSize: 17179869184.00 GB
CompressedClassSpaceSize: 1.00 GB

CodeHeap 'non-profiled nmethods': size=120028Kb used=283Kb max_used=283Kb free=119744Kb
 bounds [0x0000000121ef2000, 0x0000000122162000, 0x0000000129429000]
CodeHeap 'profiled nmethods': size=120028Kb used=1599Kb max_used=1599Kb free=118429Kb
 bounds [0x000000011a9bb000, 0x000000011ac2b000, 0x0000000121ef2000]
CodeHeap 'non-nmethods': size=5704Kb used=1134Kb max_used=1151Kb free=4569Kb
 bounds [0x000000011a429000, 0x000000011a699000, 0x000000011a9bb000]
 total_blobs=1349 nmethods=962 adapters=302
 compilation: enabled
              stopped_count=0, restarted_count=0
 full_count=0

Compilation events (20 events):
Event: 0.770 Thread 0x00007fc272012c00  943       3       jdk.internal.org.objectweb.asm.Frame::setLocal (65 bytes)
Event: 0.770 Thread 0x00007fc272012c00 nmethod 943 0x000000011ab47310 code [0x000000011ab474e0, 0x000000011ab47a20]
Event: 0.770 Thread 0x00007fc272012c00  944       3       java.lang.invoke.InvokerBytecodeGenerator::emitLoadInsn (21 bytes)
Event: 0.770 Thread 0x00007fc272012c00 nmethod 944 0x000000011ab47c10 code [0x000000011ab47dc0, 0x000000011ab48010]
Event: 0.770 Thread 0x00007fc272012c00  945       3       java.lang.invoke.InvokerBytecodeGenerator::loadInsnOpcode (87 bytes)
Event: 0.771 Thread 0x00007fc272012c00 nmethod 945 0x000000011ab48190 code [0x000000011ab483e0, 0x000000011ab48d10]
Event: 0.772 Thread 0x00007fc272012c00  947       3       java.util.ImmutableCollections$List12::get (35 bytes)
Event: 0.772 Thread 0x00007fc272012c00 nmethod 947 0x000000011ab49010 code [0x000000011ab491c0, 0x000000011ab49440]
Event: 0.773 Thread 0x00007fc272012c00  949       1       java.lang.invoke.LambdaForm$NamedFunction::intrinsicName (5 bytes)
Event: 0.773 Thread 0x00007fc272012c00 nmethod 949 0x0000000121f37110 code [0x0000000121f372a0, 0x0000000121f37350]
Event: 0.773 Thread 0x00007fc272012c00  950       3       java.lang.invoke.LambdaForm$Name::lastUseIndex (36 bytes)
Event: 0.773 Thread 0x00007fc272012c00 nmethod 950 0x000000011ab49510 code [0x000000011ab496c0, 0x000000011ab49950]
Event: 0.777 Thread 0x00007fc272012c00  957       3       java.lang.invoke.LambdaForm$Name::useCount (42 bytes)
Event: 0.777 Thread 0x00007fc272012c00 nmethod 957 0x000000011ab49a90 code [0x000000011ab49c40, 0x000000011ab49f30]
Event: 0.777 Thread 0x00007fc28200f600  958       4       java.lang.invoke.MemberName::getReferenceKind (12 bytes)
Event: 0.777 Thread 0x00007fc28200f600 nmethod 958 0x0000000121f38610 code [0x0000000121f38780, 0x0000000121f387f8]
Event: 0.778 Thread 0x00007fc272012c00  960       3       java.lang.invoke.LambdaForm$Name::isParam (13 bytes)
Event: 0.778 Thread 0x00007fc272012c00 nmethod 960 0x000000011ab4a090 code [0x000000011ab4a220, 0x000000011ab4a370]
Event: 0.778 Thread 0x00007fc272012c00  962       3       java.lang.invoke.InvokerBytecodeGenerator::getInternalName (103 bytes)
Event: 0.778 Thread 0x00007fc272012c00 nmethod 962 0x000000011ab4a410 code [0x000000011ab4a600, 0x000000011ab4aad0]

GC Heap History (0 events):
No events

Deoptimization events (20 events):
Event: 0.526 Thread 0x00007fc272010c00 Uncommon trap: trap_request=0xffffffde fr.pc=0x0000000121f1e664 relative=0x0000000000001344
Event: 0.527 Thread 0x00007fc272010c00 Uncommon trap: reason=class_check action=maybe_recompile pc=0x0000000121f1e664 method=java.util.HashMap.putVal(ILjava/lang/Object;Ljava/lang/Object;ZZ)Ljava/lang/Object; @ 91 c2
Event: 0.527 Thread 0x00007fc272010c00 DEOPT PACKING pc=0x0000000121f1e664 sp=0x0000000309ca12d0
Event: 0.527 Thread 0x00007fc272010c00 DEOPT UNPACKING pc=0x000000011a476e1f sp=0x0000000309ca1280 mode 2
Event: 0.748 Thread 0x00007fc272010c00 Uncommon trap: trap_request=0xffffffc6 fr.pc=0x0000000121f2b564 relative=0x0000000000001344
Event: 0.748 Thread 0x00007fc272010c00 Uncommon trap: reason=bimorphic_or_optimized_type_check action=maybe_recompile pc=0x0000000121f2b564 method=java.util.HashMap.putVal(ILjava/lang/Object;Ljava/lang/Object;ZZ)Ljava/lang/Object; @ 56 c2
Event: 0.748 Thread 0x00007fc272010c00 DEOPT PACKING pc=0x0000000121f2b564 sp=0x0000000309ca0800
Event: 0.748 Thread 0x00007fc272010c00 DEOPT UNPACKING pc=0x000000011a476e1f sp=0x0000000309ca0788 mode 2
Event: 0.749 Thread 0x00007fc272010c00 Uncommon trap: trap_request=0xffffffc6 fr.pc=0x0000000121f2b564 relative=0x0000000000001344
Event: 0.749 Thread 0x00007fc272010c00 Uncommon trap: reason=bimorphic_or_optimized_type_check action=maybe_recompile pc=0x0000000121f2b564 method=java.util.HashMap.putVal(ILjava/lang/Object;Ljava/lang/Object;ZZ)Ljava/lang/Object; @ 56 c2
Event: 0.749 Thread 0x00007fc272010c00 DEOPT PACKING pc=0x0000000121f2b564 sp=0x0000000309ca0800
Event: 0.749 Thread 0x00007fc272010c00 DEOPT UNPACKING pc=0x000000011a476e1f sp=0x0000000309ca0788 mode 2
Event: 0.749 Thread 0x00007fc272010c00 Uncommon trap: trap_request=0xffffffc6 fr.pc=0x0000000121f2b564 relative=0x0000000000001344
Event: 0.749 Thread 0x00007fc272010c00 Uncommon trap: reason=bimorphic_or_optimized_type_check action=maybe_recompile pc=0x0000000121f2b564 method=java.util.HashMap.putVal(ILjava/lang/Object;Ljava/lang/Object;ZZ)Ljava/lang/Object; @ 56 c2
Event: 0.749 Thread 0x00007fc272010c00 DEOPT PACKING pc=0x0000000121f2b564 sp=0x0000000309ca0800
Event: 0.749 Thread 0x00007fc272010c00 DEOPT UNPACKING pc=0x000000011a476e1f sp=0x0000000309ca0788 mode 2
Event: 0.749 Thread 0x00007fc272010c00 Uncommon trap: trap_request=0xffffffc6 fr.pc=0x0000000121f2b564 relative=0x0000000000001344
Event: 0.749 Thread 0x00007fc272010c00 Uncommon trap: reason=bimorphic_or_optimized_type_check action=maybe_recompile pc=0x0000000121f2b564 method=java.util.HashMap.putVal(ILjava/lang/Object;Ljava/lang/Object;ZZ)Ljava/lang/Object; @ 56 c2
Event: 0.749 Thread 0x00007fc272010c00 DEOPT PACKING pc=0x0000000121f2b564 sp=0x0000000309ca0800
Event: 0.749 Thread 0x00007fc272010c00 DEOPT UNPACKING pc=0x000000011a476e1f sp=0x0000000309ca0788 mode 2

Classes unloaded (0 events):
No events

Classes redefined (0 events):
No events

Internal exceptions (20 events):
Event: 0.392 Thread 0x00007fc272010c00 Exception <a 'java/lang/NoSuchMethodError'{0x0000000787a5a260}: 'int java.lang.invoke.DirectMethodHandle$Holder.invokeSpecial(java.lang.Object, java.lang.Object, java.lang.Object)'> (0x0000000787a5a260) 
thrown [src/hotspot/share/interpreter/linkResolver.cpp, line 782]
Event: 0.427 Thread 0x00007fc272010c00 Exception <a 'java/lang/NoSuchMethodError'{0x00000007879137a0}: 'java.lang.Object java.lang.invoke.DirectMethodHandle$Holder.invokeStaticInit(java.lang.Object, java.lang.Object, java.lang.Object)'> (0x00000007879137a0) 
thrown [src/hotspot/share/interpreter/linkResolver.cpp, line 782]
Event: 0.429 Thread 0x00007fc272010c00 Exception <a 'java/lang/NoSuchMethodError'{0x000000078791b820}: 'void java.lang.invoke.DirectMethodHandle$Holder.invokeStaticInit(java.lang.Object, java.lang.Object, java.lang.Object)'> (0x000000078791b820) 
thrown [src/hotspot/share/interpreter/linkResolver.cpp, line 782]
Event: 0.440 Thread 0x00007fc272010c00 Exception <a 'java/lang/NoSuchMethodError'{0x000000078793c0f8}: 'void java.lang.invoke.DirectMethodHandle$Holder.invokeSpecial(java.lang.Object, java.lang.Object, java.lang.Object, java.lang.Object, java.lang.Object)'> (0x000000078793c0f8) 
thrown [src/hotspot/share/interpreter/linkResolver.cpp, line 782]
Event: 0.446 Thread 0x00007fc272010c00 Exception <a 'java/lang/NoSuchMethodError'{0x000000078794c620}: 'java.lang.Object java.lang.invoke.DirectMethodHandle$Holder.invokeInterface(java.lang.Object, java.lang.Object)'> (0x000000078794c620) 
thrown [src/hotspot/share/interpreter/linkResolver.cpp, line 782]
Event: 0.446 Thread 0x00007fc272010c00 Exception <a 'java/lang/IncompatibleClassChangeError'{0x0000000787950018}: Found class java.lang.Object, but interface was expected> (0x0000000787950018) 
thrown [src/hotspot/share/interpreter/linkResolver.cpp, line 848]
Event: 0.483 Thread 0x00007fc272010c00 Exception <a 'java/lang/NoSuchMethodError'{0x00000007879f3d78}: 'java.lang.Object java.lang.invoke.DirectMethodHandle$Holder.invokeSpecialIFC(java.lang.Object, java.lang.Object, java.lang.Object, java.lang.Object)'> (0x00000007879f3d78) 
thrown [src/hotspot/share/interpreter/linkResolver.cpp, line 782]
Event: 0.537 Thread 0x00007fc272010c00 Exception <a 'java/lang/NoSuchMethodError'{0x00000007878cad98}: 'int java.lang.invoke.DirectMethodHandle$Holder.invokeVirtual(java.lang.Object, java.lang.Object, java.lang.Object)'> (0x00000007878cad98) 
thrown [src/hotspot/share/interpreter/linkResolver.cpp, line 782]
Event: 0.541 Thread 0x00007fc272010c00 Exception <a 'java/lang/NoSuchMethodError'{0x00000007878e00b8}: 'void java.lang.invoke.DirectMethodHandle$Holder.invokeInterface(java.lang.Object, java.lang.Object)'> (0x00000007878e00b8) 
thrown [src/hotspot/share/interpreter/linkResolver.cpp, line 782]
Event: 0.543 Thread 0x00007fc272010c00 Exception <a 'java/lang/IncompatibleClassChangeError'{0x00000007878e3570}: Found class java.lang.Object, but interface was expected> (0x00000007878e3570) 
thrown [src/hotspot/share/interpreter/linkResolver.cpp, line 848]
Event: 0.546 Thread 0x00007fc272010c00 Exception <a 'java/lang/NoSuchMethodError'{0x00000007878ef0a0}: 'void java.lang.invoke.DirectMethodHandle$Holder.invokeStatic(java.lang.Object, java.lang.Object, java.lang.Object, java.lang.Object)'> (0x00000007878ef0a0) 
thrown [src/hotspot/share/interpreter/linkResolver.cpp, line 782]
Event: 0.566 Thread 0x00007fc272010c00 Exception <a 'java/lang/NoSuchMethodError'{0x0000000787738548}: 'void java.lang.invoke.DirectMethodHandle$Holder.invokeInterface(java.lang.Object, java.lang.Object, java.lang.Object, java.lang.Object)'> (0x0000000787738548) 
thrown [src/hotspot/share/interpreter/linkResolver.cpp, line 782]
Event: 0.568 Thread 0x00007fc272010c00 Exception <a 'java/lang/IncompatibleClassChangeError'{0x000000078773bba8}: Found class java.lang.Object, but interface was expected> (0x000000078773bba8) 
thrown [src/hotspot/share/interpreter/linkResolver.cpp, line 848]
Event: 0.572 Thread 0x00007fc272010c00 Exception <a 'java/lang/NoSuchMethodError'{0x000000078775dd78}: 'java.lang.Object java.lang.invoke.DirectMethodHandle$Holder.invokeVirtual(java.lang.Object, java.lang.Object, java.lang.Object)'> (0x000000078775dd78) 
thrown [src/hotspot/share/interpreter/linkResolver.cpp, line 782]
Event: 0.599 Thread 0x00007fc272010c00 Exception <a 'java/lang/NoSuchMethodError'{0x00000007877d2200}: 'int java.lang.invoke.DirectMethodHandle$Holder.invokeStatic(java.lang.Object, java.lang.Object, java.lang.Object, java.lang.Object)'> (0x00000007877d2200) 
thrown [src/hotspot/share/interpreter/linkResolver.cpp, line 782]
Event: 0.601 Thread 0x00007fc272010c00 Exception <a 'java/lang/NoSuchMethodError'{0x00000007877d5ab0}: 'java.lang.Object java.lang.invoke.Invokers$Holder.invokeExact_MT(java.lang.Object, java.lang.Object, java.lang.Object, java.lang.Object, java.lang.Object, java.lang.Object)'> (0x00000007877d5ab0) 
thrown [src/hotspot/share/interpreter/linkResolver.cpp, line 782]
Event: 0.636 Thread 0x00007fc272010c00 Exception <a 'java/lang/NoSuchMethodError'{0x0000000787654318}: 'int java.lang.invoke.DirectMethodHandle$Holder.invokeStatic(java.lang.Object, java.lang.Object, java.lang.Object, java.lang.Object, java.lang.Object)'> (0x0000000787654318) 
thrown [src/hotspot/share/interpreter/linkResolver.cpp, line 782]
Event: 0.662 Thread 0x00007fc272010c00 Exception <a 'java/lang/NoSuchMethodError'{0x00000007876ea8c0}: 'int java.lang.invoke.DirectMethodHandle$Holder.invokeStaticInit(java.lang.Object, java.lang.Object, java.lang.Object)'> (0x00000007876ea8c0) 
thrown [src/hotspot/share/interpreter/linkResolver.cpp, line 782]
Event: 0.691 Thread 0x00007fc272010c00 Exception <a 'java/lang/NoSuchMethodError'{0x0000000787526c80}: 'void java.lang.invoke.DirectMethodHandle$Holder.invokeInterface(java.lang.Object, java.lang.Object, java.lang.Object)'> (0x0000000787526c80) 
thrown [src/hotspot/share/interpreter/linkResolver.cpp, line 782]
Event: 0.711 Thread 0x00007fc272010c00 Exception <a 'java/lang/NoSuchMethodError'{0x000000078757d7a0}: 'int java.lang.invoke.DirectMethodHandle$Holder.invokeStaticInit(java.lang.Object, java.lang.Object)'> (0x000000078757d7a0) 
thrown [src/hotspot/share/interpreter/linkResolver.cpp, line 782]

Events (20 events):
Event: 0.720 loading class java/util/stream/AbstractSpinedBuffer done
Event: 0.720 loading class java/util/stream/SpinedBuffer done
Event: 0.721 loading class java/util/function/BooleanSupplier
Event: 0.721 loading class java/util/function/BooleanSupplier done
Event: 0.759 loading class java/lang/invoke/BoundMethodHandle$Species_LLL
Event: 0.759 loading class java/lang/invoke/BoundMethodHandle$Species_LLL done
Event: 0.760 loading class java/lang/invoke/BoundMethodHandle$Species_LLLL
Event: 0.760 loading class java/lang/invoke/BoundMethodHandle$Species_LLLL done
Event: 0.763 loading class java/lang/invoke/BoundMethodHandle$Species_LLLLL
Event: 0.763 loading class java/lang/invoke/BoundMethodHandle$Species_LLLLL done
Event: 0.765 loading class java/lang/invoke/BoundMethodHandle$Species_LLLLLL
Event: 0.765 loading class java/lang/invoke/BoundMethodHandle$Species_LLLLLL done
Event: 0.771 loading class java/lang/invoke/BoundMethodHandle$Species_LLLLLLL
Event: 0.771 loading class java/lang/invoke/BoundMethodHandle$Species_LLLLLLL done
Event: 0.774 loading class java/lang/invoke/BoundMethodHandle$Species_LJ
Event: 0.774 loading class java/lang/invoke/BoundMethodHandle$Species_LJ done
Event: 0.776 loading class java/lang/invoke/BoundMethodHandle$Species_LLLLLLLL
Event: 0.776 loading class java/lang/invoke/BoundMethodHandle$Species_LLLLLLLL done
Event: 0.777 loading class java/lang/invoke/BoundMethodHandle$Species_LLLLLLLLL
Event: 0.777 loading class java/lang/invoke/BoundMethodHandle$Species_LLLLLLLLL done


Dynamic libraries:
0x00007ffdffe2e000 	/Library/Apple/usr/libexec/oah/runtime
0x00007fff2a61e000 	/usr/lib/libz.1.dylib
0x000000010afa4000 	/Users/tanakashoya/Library/Java/JavaVirtualMachines/corretto-15.0.2/Contents/Home/lib/libjli.dylib
0x00007fff352d0000 	/System/Library/Frameworks/Cocoa.framework/Versions/A/Cocoa
0x00007fff22178000 	/System/Library/Frameworks/Security.framework/Versions/A/Security
0x00007fff334cd000 	/System/Library/Frameworks/ApplicationServices.framework/Versions/A/ApplicationServices
0x00007fff2a6ea000 	/usr/lib/libSystem.B.dylib
0x00007fff2a6e4000 	/usr/lib/system/libcache.dylib
0x00007fff2a6a0000 	/usr/lib/system/libcommonCrypto.dylib
0x00007fff2a6ca000 	/usr/lib/system/libcompiler_rt.dylib
0x00007fff2a6bf000 	/usr/lib/system/libcopyfile.dylib
0x00007fff20116000 	/usr/lib/system/libcorecrypto.dylib
0x00007fff201e3000 	/usr/lib/system/libdispatch.dylib
0x00007fff20398000 	/usr/lib/system/libdyld.dylib
0x00007fff2a6db000 	/usr/lib/system/libkeymgr.dylib
0x00007fff2dc7f000 	/usr/lib/system/liblaunch.dylib
0x00007fff2a67e000 	/usr/lib/system/libmacho.dylib
0x00007fff29e93000 	/usr/lib/system/libquarantine.dylib
0x00007fff2a6d8000 	/usr/lib/system/libremovefile.dylib
0x00007fff24b0f000 	/usr/lib/system/libsystem_asl.dylib
0x00007fff200c6000 	/usr/lib/system/libsystem_blocks.dylib
0x00007fff20265000 	/usr/lib/system/libsystem_c.dylib
0x00007fff2a6d2000 	/usr/lib/system/libsystem_collections.dylib
0x00007fff29280000 	/usr/lib/system/libsystem_configuration.dylib
0x00007fff2856f000 	/usr/lib/system/libsystem_containermanager.dylib
0x00007fff2a416000 	/usr/lib/system/libsystem_coreservices.dylib
0x00007fff2272c000 	/usr/lib/system/libsystem_darwin.dylib
0x00007fff2a6dc000 	/usr/lib/system/libsystem_dnssd.dylib
0x00007fff20262000 	/usr/lib/system/libsystem_featureflags.dylib
0x00007fff203dd000 	/usr/lib/system/libsystem_info.dylib
0x00007fff2a631000 	/usr/lib/system/libsystem_m.dylib
0x00007fff201b6000 	/usr/lib/system/libsystem_malloc.dylib
0x00007fff24aa3000 	/usr/lib/system/libsystem_networkextension.dylib
0x00007fff22b47000 	/usr/lib/system/libsystem_notify.dylib
0x00007fff30133000 	/usr/lib/system/libsystem_product_info_filter.dylib
0x00007fff29284000 	/usr/lib/system/libsystem_sandbox.dylib
0x00007fff2a6d5000 	/usr/lib/system/libsystem_secinit.dylib
0x00007fff2035d000 	/usr/lib/system/libsystem_kernel.dylib
0x00007fff203d3000 	/usr/lib/system/libsystem_platform.dylib
0x00007fff2038c000 	/usr/lib/system/libsystem_pthread.dylib
0x00007fff2623d000 	/usr/lib/system/libsystem_symptoms.dylib
0x00007fff200fe000 	/usr/lib/system/libsystem_trace.dylib
0x00007fff2a6ac000 	/usr/lib/system/libunwind.dylib
0x00007fff200c8000 	/usr/lib/system/libxpc.dylib
0x00007fff20344000 	/usr/lib/libc++abi.dylib
0x00007fff20228000 	/usr/lib/libobjc.A.dylib
0x00007fff2a6b7000 	/usr/lib/liboah.dylib
0x00007fff202ee000 	/usr/lib/libc++.1.dylib
0x00007fff20409000 	/System/Library/Frameworks/CoreFoundation.framework/Versions/A/CoreFoundation
0x00007fff210eb000 	/System/Library/Frameworks/Foundation.framework/Versions/C/Foundation
0x00007fff22b9f000 	/System/Library/Frameworks/AppKit.framework/Versions/C/AppKit
0x00007fff25a5d000 	/System/Library/Frameworks/CoreData.framework/Versions/A/CoreData
0x00007fff23902000 	/System/Library/PrivateFrameworks/UIFoundation.framework/Versions/A/UIFoundation
0x00007fff2feac000 	/System/Library/PrivateFrameworks/RemoteViewServices.framework/Versions/A/RemoteViewServices
0x00007fff28c39000 	/System/Library/PrivateFrameworks/XCTTargetBootstrap.framework/Versions/A/XCTTargetBootstrap
0x00007fff2b988000 	/usr/lib/libspindump.dylib
0x00007fff23b57000 	/System/Library/Frameworks/UniformTypeIdentifiers.framework/Versions/A/UniformTypeIdentifiers
0x00007fff2740f000 	/usr/lib/libapp_launch_measurement.dylib
0x00007fff27412000 	/System/Library/PrivateFrameworks/CoreAutoLayout.framework/Versions/A/CoreAutoLayout
0x00007fff2859b000 	/System/Library/Frameworks/Metal.framework/Versions/A/Metal
0x00007fff2928f000 	/usr/lib/liblangid.dylib
0x00007fff28c3d000 	/System/Library/PrivateFrameworks/CoreSVG.framework/Versions/A/CoreSVG
0x00007fff24b3e000 	/System/Library/PrivateFrameworks/SkyLight.framework/Versions/A/SkyLight
0x00007fff24ea5000 	/System/Library/Frameworks/CoreGraphics.framework/Versions/A/CoreGraphics
0x00007fff30503000 	/System/Library/Frameworks/Accelerate.framework/Versions/A/Accelerate
0x00007fff2b3c3000 	/System/Library/PrivateFrameworks/IconServices.framework/Versions/A/IconServices
0x00007fff28580000 	/System/Library/Frameworks/IOSurface.framework/Versions/A/IOSurface
0x00007fff263ef000 	/usr/lib/libDiagnosticMessagesClient.dylib
0x00007fff28c25000 	/System/Library/PrivateFrameworks/DFRFoundation.framework/Versions/A/DFRFoundation
0x00007fff224ca000 	/usr/lib/libicucore.A.dylib
0x00007fff2cecd000 	/System/Library/Frameworks/AudioToolbox.framework/Versions/A/AudioToolbox
0x00007fff2c172000 	/System/Library/PrivateFrameworks/DataDetectorsCore.framework/Versions/A/DataDetectorsCore
0x00007fff28925000 	/System/Library/Frameworks/Carbon.framework/Versions/A/Frameworks/HIToolbox.framework/Versions/A/HIToolbox
0x00007fff26e6a000 	/System/Library/Frameworks/QuartzCore.framework/Versions/A/QuartzCore
0x00007fff2fee8000 	/System/Library/Frameworks/Carbon.framework/Versions/A/Frameworks/SpeechRecognition.framework/Versions/A/SpeechRecognition
0x00007fff27177000 	/System/Library/PrivateFrameworks/CoreUI.framework/Versions/A/CoreUI
0x00007fff21ad3000 	/System/Library/Frameworks/CoreAudio.framework/Versions/A/CoreAudio
0x00007fff264da000 	/System/Library/Frameworks/DiskArbitration.framework/Versions/A/DiskArbitration
0x00007fff2bd82000 	/System/Library/PrivateFrameworks/MultitouchSupport.framework/Versions/A/MultitouchSupport
0x00007fff2c169000 	/System/Library/PrivateFrameworks/InternationalSupport.framework/Versions/A/InternationalSupport
0x00007fff24ab2000 	/usr/lib/libenergytrace.dylib
0x00007fff22a98000 	/System/Library/Frameworks/IOKit.framework/Versions/A/IOKit
0x00007fff30235000 	/System/Library/Frameworks/CoreServices.framework/Versions/A/CoreServices
0x00007fff273a5000 	/System/Library/PrivateFrameworks/PerformanceAnalysis.framework/Versions/A/PerformanceAnalysis
0x00007fff6cbab000 	/System/Library/Frameworks/OpenGL.framework/Versions/A/OpenGL
0x00007fff2c1ee000 	/System/Library/PrivateFrameworks/UserActivity.framework/Versions/A/UserActivity
0x00007fff2555f000 	/System/Library/Frameworks/ColorSync.framework/Versions/A/ColorSync
0x00007fff28ea6000 	/System/Library/Frameworks/CoreImage.framework/Versions/A/CoreImage
0x00007fff218ea000 	/System/Library/Frameworks/CoreText.framework/Versions/A/CoreText
0x00007fff28c67000 	/System/Library/Frameworks/ImageIO.framework/Versions/A/ImageIO
0x00007fff2a6f0000 	/System/Library/PrivateFrameworks/SoftLinking.framework/Versions/A/SoftLinking
0x00007fff2745b000 	/usr/lib/libxml2.2.dylib
0x00007fff2a962000 	/usr/lib/libcompression.dylib
0x00007fff24ab3000 	/usr/lib/libMobileGestalt.dylib
0x00007fff2c09c000 	/System/Library/PrivateFrameworks/TextureIO.framework/Versions/A/TextureIO
0x00007fff2b050000 	/usr/lib/libate.dylib
0x00007fff2ad7b000 	/usr/lib/liblzma.5.dylib
0x00007fff20dff000 	/System/Library/Frameworks/SystemConfiguration.framework/Versions/A/SystemConfiguration
0x00007fff2a6ec000 	/usr/lib/libfakelink.dylib
0x00007fff24605000 	/System/Library/Frameworks/CFNetwork.framework/Versions/A/CFNetwork
0x00007fff2a82c000 	/usr/lib/libarchive.2.dylib
0x00007fff20e7d000 	/usr/lib/libCRFSuite.dylib
0x00007fff29eba000 	/usr/lib/libbsm.0.dylib
0x00007fff23fc1000 	/usr/lib/libnetwork.dylib
0x00007fff2a6f1000 	/usr/lib/libpcap.A.dylib
0x00007fff26236000 	/usr/lib/libdns_services.dylib
0x00007fff2ad94000 	/usr/lib/libcoretls_cfhelpers.dylib
0x00007fff2a930000 	/usr/lib/libapple_nghttp2.dylib
0x00007fff2a684000 	/usr/lib/system/libkxld.dylib
0x00007fff25ea4000 	/usr/lib/libsqlite3.dylib
0x00007fff2a3f8000 	/System/Library/PrivateFrameworks/AppleFSCompression.framework/Versions/A/AppleFSCompression
0x00007fff29ea2000 	/usr/lib/libcoretls.dylib
0x00007fff2a95d000 	/usr/lib/libpam.2.dylib
0x00007fff2ae91000 	/usr/lib/libxar.1.dylib
0x00007fff2928b000 	/System/Library/PrivateFrameworks/AppleSystemInfo.framework/Versions/A/AppleSystemInfo
0x00007fff29ae5000 	/System/Library/PrivateFrameworks/IOMobileFramebuffer.framework/Versions/A/IOMobileFramebuffer
0x00007fff2a408000 	/usr/lib/libbz2.1.0.dylib
0x00007fff2a729000 	/usr/lib/libiconv.2.dylib
0x00007fff2a67d000 	/usr/lib/libcharset.1.dylib
0x00007fff273e1000 	/System/Library/Frameworks/CoreServices.framework/Versions/A/Frameworks/FSEvents.framework/Versions/A/FSEvents
0x00007fff22736000 	/System/Library/Frameworks/CoreServices.framework/Versions/A/Frameworks/CarbonCore.framework/Versions/A/CarbonCore
0x00007fff2643f000 	/System/Library/Frameworks/CoreServices.framework/Versions/A/Frameworks/Metadata.framework/Versions/A/Metadata
0x00007fff2a41b000 	/System/Library/Frameworks/CoreServices.framework/Versions/A/Frameworks/OSServices.framework/Versions/A/OSServices
0x00007fff2a89e000 	/System/Library/Frameworks/CoreServices.framework/Versions/A/Frameworks/SearchKit.framework/Versions/A/SearchKit
0x00007fff261c0000 	/System/Library/Frameworks/CoreServices.framework/Versions/A/Frameworks/AE.framework/Versions/A/AE
0x00007fff208a5000 	/System/Library/Frameworks/CoreServices.framework/Versions/A/Frameworks/LaunchServices.framework/Versions/A/LaunchServices
0x00007fff2ad2c000 	/System/Library/Frameworks/CoreServices.framework/Versions/A/Frameworks/DictionaryServices.framework/Versions/A/DictionaryServices
0x00007fff273ea000 	/System/Library/Frameworks/CoreServices.framework/Versions/A/Frameworks/SharedFileList.framework/Versions/A/SharedFileList
0x00007fff29e96000 	/usr/lib/libCheckFix.dylib
0x00007fff24b26000 	/System/Library/PrivateFrameworks/TCC.framework/Versions/A/TCC
0x00007fff29291000 	/System/Library/PrivateFrameworks/CoreNLP.framework/Versions/A/CoreNLP
0x00007fff263f2000 	/System/Library/PrivateFrameworks/MetadataUtilities.framework/Versions/A/MetadataUtilities
0x00007fff20eb3000 	/usr/lib/libmecabra.dylib
0x00007fff2a1aa000 	/System/Library/Frameworks/MLCompute.framework/Versions/A/MLCompute
0x00007fff29ecb000 	/usr/lib/libmecab.dylib
0x00007fff29f15000 	/usr/lib/libgermantok.dylib
0x00007fff2a906000 	/usr/lib/libThaiTokenizer.dylib
0x00007fff2aecc000 	/usr/lib/libChineseTokenizer.dylib
0x00007fff2a95b000 	/System/Library/Frameworks/MetalPerformanceShaders.framework/Versions/A/MetalPerformanceShaders
0x00007fff264e1000 	/System/Library/Frameworks/Accelerate.framework/Versions/A/Frameworks/vImage.framework/Versions/A/vImage
0x00007fff3020e000 	/System/Library/Frameworks/Accelerate.framework/Versions/A/Frameworks/vecLib.framework/Versions/A/vecLib
0x00007fff2aed7000 	/System/Library/Frameworks/Accelerate.framework/Versions/A/Frameworks/vecLib.framework/Versions/A/libvMisc.dylib
0x00007fff29941000 	/System/Library/Frameworks/Accelerate.framework/Versions/A/Frameworks/vecLib.framework/Versions/A/libvDSP.dylib
0x00007fff20ba9000 	/System/Library/Frameworks/Accelerate.framework/Versions/A/Frameworks/vecLib.framework/Versions/A/libBLAS.dylib
0x00007fff2a981000 	/System/Library/Frameworks/Accelerate.framework/Versions/A/Frameworks/vecLib.framework/Versions/A/libLAPACK.dylib
0x00007fff29f1b000 	/System/Library/Frameworks/Accelerate.framework/Versions/A/Frameworks/vecLib.framework/Versions/A/libLinearAlgebra.dylib
0x00007fff2a948000 	/System/Library/Frameworks/Accelerate.framework/Versions/A/Frameworks/vecLib.framework/Versions/A/libSparseBLAS.dylib
0x00007fff2a97b000 	/System/Library/Frameworks/Accelerate.framework/Versions/A/Frameworks/vecLib.framework/Versions/A/libQuadrature.dylib
0x00007fff29339000 	/System/Library/Frameworks/Accelerate.framework/Versions/A/Frameworks/vecLib.framework/Versions/A/libBNNS.dylib
0x00007fff20d90000 	/System/Library/Frameworks/Accelerate.framework/Versions/A/Frameworks/vecLib.framework/Versions/A/libSparse.dylib
0x00007fff29224000 	/System/Library/Frameworks/MetalPerformanceShaders.framework/Versions/A/Frameworks/MPSCore.framework/Versions/A/MPSCore
0x00007fff2a367000 	/System/Library/Frameworks/MetalPerformanceShaders.framework/Versions/A/Frameworks/MPSImage.framework/Versions/A/MPSImage
0x00007fff29f32000 	/System/Library/Frameworks/MetalPerformanceShaders.framework/Versions/A/Frameworks/MPSNeuralNetwork.framework/Versions/A/MPSNeuralNetwork
0x00007fff2a2f2000 	/System/Library/Frameworks/MetalPerformanceShaders.framework/Versions/A/Frameworks/MPSMatrix.framework/Versions/A/MPSMatrix
0x00007fff2a15a000 	/System/Library/Frameworks/MetalPerformanceShaders.framework/Versions/A/Frameworks/MPSRayIntersector.framework/Versions/A/MPSRayIntersector
0x00007fff2a329000 	/System/Library/Frameworks/MetalPerformanceShaders.framework/Versions/A/Frameworks/MPSNDArray.framework/Versions/A/MPSNDArray
0x00007fff20ad5000 	/System/Library/PrivateFrameworks/MetalTools.framework/Versions/A/MetalTools
0x00007fff29289000 	/System/Library/PrivateFrameworks/AggregateDictionary.framework/Versions/A/AggregateDictionary
0x00007fff263ca000 	/System/Library/PrivateFrameworks/CoreAnalytics.framework/Versions/A/CoreAnalytics
0x00007fff2a908000 	/System/Library/PrivateFrameworks/AppleSauce.framework/Versions/A/AppleSauce
0x00007fff28592000 	/System/Library/PrivateFrameworks/IOAccelerator.framework/Versions/A/IOAccelerator
0x00007fff6cb9f000 	/System/Library/Frameworks/OpenGL.framework/Versions/A/Libraries/libCoreFSCache.dylib
0x00007fff2144f000 	/System/Library/PrivateFrameworks/LanguageModeling.framework/Versions/A/LanguageModeling
0x00007fff29ad2000 	/System/Library/PrivateFrameworks/CoreEmoji.framework/Versions/A/CoreEmoji
0x00007fff29332000 	/System/Library/PrivateFrameworks/LinguisticData.framework/Versions/A/LinguisticData
0x00007fff20d42000 	/System/Library/PrivateFrameworks/Lexicon.framework/Versions/A/Lexicon
0x00007fff2a81a000 	/usr/lib/libcmph.dylib
0x00007fff273c1000 	/System/Library/Frameworks/OpenDirectory.framework/Versions/A/Frameworks/CFOpenDirectory.framework/Versions/A/CFOpenDirectory
0x00007fff273b1000 	/System/Library/Frameworks/OpenDirectory.framework/Versions/A/OpenDirectory
0x00007fff2ad96000 	/System/Library/PrivateFrameworks/APFS.framework/Versions/A/APFS
0x00007fff29df7000 	/System/Library/Frameworks/SecurityFoundation.framework/Versions/A/SecurityFoundation
0x00007fff2ae9f000 	/usr/lib/libutil.dylib
0x00007fff22a5d000 	/System/Library/PrivateFrameworks/CoreServicesStore.framework/Versions/A/CoreServicesStore
0x00007fff29e8e000 	/System/Library/Frameworks/ServiceManagement.framework/Versions/A/ServiceManagement
0x00007fff2aea3000 	/usr/lib/libxslt.1.dylib
0x00007fff29e84000 	/System/Library/PrivateFrameworks/BackgroundTaskManagement.framework/Versions/A/BackgroundTaskManagement
0x00007fff2bfe7000 	/System/Library/Frameworks/ImageIO.framework/Versions/A/Resources/libRadiance.dylib
0x00007fff2bff0000 	/System/Library/Frameworks/ImageIO.framework/Versions/A/Resources/libJPEG.dylib
0x00007fff2bf3c000 	/System/Library/Frameworks/ImageIO.framework/Versions/A/Resources/libPng.dylib
0x00007fff2bf63000 	/System/Library/Frameworks/ImageIO.framework/Versions/A/Resources/libTIFF.dylib
0x00007fff2c045000 	/System/Library/Frameworks/ImageIO.framework/Versions/A/Resources/libGIF.dylib
0x00007fff2bca0000 	/System/Library/Frameworks/ImageIO.framework/Versions/A/Resources/libJP2.dylib
0x00007fff2b38a000 	/usr/lib/libexpat.1.dylib
0x00007fff2bc55000 	/System/Library/PrivateFrameworks/AppleJPEG.framework/Versions/A/AppleJPEG
0x00007fff287c8000 	/System/Library/PrivateFrameworks/FontServices.framework/libFontParser.dylib
0x00007fff26174000 	/System/Library/PrivateFrameworks/RunningBoardServices.framework/Versions/A/RunningBoardServices
0x00007fff2bd7e000 	/System/Library/PrivateFrameworks/WatchdogClient.framework/Versions/A/WatchdogClient
0x00007fff2153c000 	/System/Library/Frameworks/CoreDisplay.framework/Versions/A/CoreDisplay
0x00007fff286de000 	/System/Library/Frameworks/CoreMedia.framework/Versions/A/CoreMedia
0x00007fff2753e000 	/System/Library/Frameworks/CoreVideo.framework/Versions/A/CoreVideo
0x00007fff2bdb6000 	/System/Library/Frameworks/VideoToolbox.framework/Versions/A/VideoToolbox
0x00007fff260f2000 	/System/Library/PrivateFrameworks/BaseBoard.framework/Versions/A/BaseBoard
0x00007fff2b4cf000 	/System/Library/PrivateFrameworks/PersistentConnection.framework/Versions/A/PersistentConnection
0x00007fff25e8d000 	/System/Library/PrivateFrameworks/ProtocolBuffer.framework/Versions/A/ProtocolBuffer
0x00007fff260d9000 	/System/Library/PrivateFrameworks/CommonUtilities.framework/Versions/A/CommonUtilities
0x00007fff2bbea000 	/System/Library/PrivateFrameworks/Bom.framework/Versions/A/Bom
0x00007fff2bfe0000 	/System/Library/PrivateFrameworks/GPUWrangler.framework/Versions/A/GPUWrangler
0x00007fff2bfc3000 	/System/Library/PrivateFrameworks/IOPresentment.framework/Versions/A/IOPresentment
0x00007fff2bfea000 	/System/Library/PrivateFrameworks/DSExternalDisplay.framework/Versions/A/DSExternalDisplay
0x00007fff2c04a000 	/System/Library/PrivateFrameworks/CMCaptureCore.framework/Versions/A/CMCaptureCore
0x00007fff2b96f000 	/System/Library/PrivateFrameworks/AppServerSupport.framework/Versions/A/AppServerSupport
0x00007fff2da1e000 	/System/Library/PrivateFrameworks/perfdata.framework/Versions/A/perfdata
0x00007fff29de6000 	/System/Library/PrivateFrameworks/AssertionServices.framework/Versions/A/AssertionServices
0x00007fff21673000 	/System/Library/PrivateFrameworks/AudioToolboxCore.framework/Versions/A/AudioToolboxCore
0x00007fff286c1000 	/System/Library/PrivateFrameworks/caulk.framework/Versions/A/caulk
0x00007fff3d6c9000 	/System/Library/PrivateFrameworks/SystemPolicy.framework/Versions/A/SystemPolicy
0x00007fff2b17f000 	/usr/lib/libIOReport.dylib
0x00007fff2d240000 	/usr/lib/libSMC.dylib
0x00007fff2bf09000 	/usr/lib/libAudioToolboxUtility.dylib
0x00007fff3e033000 	/usr/lib/libmis.dylib
0x00007fff6cbfb000 	/System/Library/Frameworks/OpenGL.framework/Versions/A/Libraries/libGLU.dylib
0x00007fff6cbbe000 	/System/Library/Frameworks/OpenGL.framework/Versions/A/Libraries/libGFXShared.dylib
0x00007fff6cdcd000 	/System/Library/Frameworks/OpenGL.framework/Versions/A/Libraries/libGL.dylib
0x00007fff6cbc7000 	/System/Library/Frameworks/OpenGL.framework/Versions/A/Libraries/libGLImage.dylib
0x00007fff6cbbb000 	/System/Library/Frameworks/OpenGL.framework/Versions/A/Libraries/libCVMSPluginSupport.dylib
0x00007fff6cba6000 	/System/Library/Frameworks/OpenGL.framework/Versions/A/Libraries/libCoreVMClient.dylib
0x00007fff6e20e000 	/System/Library/Frameworks/OpenCL.framework/Versions/A/OpenCL
0x00007fff2b4f9000 	/System/Library/PrivateFrameworks/GraphVisualizer.framework/Versions/A/GraphVisualizer
0x00007fff2b508000 	/System/Library/PrivateFrameworks/FaceCore.framework/Versions/A/FaceCore
0x00007fff2b924000 	/System/Library/PrivateFrameworks/OTSVG.framework/Versions/A/OTSVG
0x00007fff27135000 	/System/Library/Frameworks/ApplicationServices.framework/Versions/A/Frameworks/ATS.framework/Versions/A/Resources/libFontRegistry.dylib
0x00007fff2b976000 	/System/Library/PrivateFrameworks/FontServices.framework/libhvf.dylib
0x00007fff2b336000 	/System/Library/PrivateFrameworks/AppleVA.framework/Versions/A/AppleVA
0x00007fff2d089000 	/System/Library/Frameworks/ApplicationServices.framework/Versions/A/Frameworks/ATS.framework/Versions/A/ATS
0x00007fff2d39b000 	/System/Library/Frameworks/ApplicationServices.framework/Versions/A/Frameworks/ColorSyncLegacy.framework/Versions/A/ColorSyncLegacy
0x00007fff25656000 	/System/Library/Frameworks/ApplicationServices.framework/Versions/A/Frameworks/HIServices.framework/Versions/A/HIServices
0x00007fff2d380000 	/System/Library/Frameworks/ApplicationServices.framework/Versions/A/Frameworks/LangAnalysis.framework/Versions/A/LangAnalysis
0x00007fff2c054000 	/System/Library/Frameworks/ApplicationServices.framework/Versions/A/Frameworks/PrintCore.framework/Versions/A/PrintCore
0x00007fff2d3a3000 	/System/Library/Frameworks/ApplicationServices.framework/Versions/A/Frameworks/QD.framework/Versions/A/QD
0x00007fff2d079000 	/System/Library/Frameworks/ApplicationServices.framework/Versions/A/Frameworks/SpeechSynthesis.framework/Versions/A/SpeechSynthesis
0x00007fff2c015000 	/System/Library/Frameworks/ApplicationServices.framework/Versions/A/Frameworks/ATSUI.framework/Versions/A/ATSUI
0x00007fff2d320000 	/usr/lib/libcups.2.dylib
0x00007fff2d390000 	/System/Library/PrivateFrameworks/NetAuth.framework/Versions/A/NetAuth
0x00007fff2da3a000 	/System/Library/Frameworks/Kerberos.framework/Versions/A/Kerberos
0x00007fff2da4a000 	/System/Library/Frameworks/GSS.framework/Versions/A/GSS
0x00007fff2d0f5000 	/usr/lib/libresolv.9.dylib
0x00007fff2b98b000 	/System/Library/PrivateFrameworks/Heimdal.framework/Versions/A/Heimdal
0x00007fff337ce000 	/System/Library/Frameworks/Kerberos.framework/Versions/A/Libraries/libHeimdalProxy.dylib
0x00007fff26245000 	/System/Library/Frameworks/Network.framework/Versions/A/Network
0x00007fff2b3a4000 	/usr/lib/libheimdal-asn1.dylib
0x00007fff2da9a000 	/System/Library/PrivateFrameworks/CommonAuth.framework/Versions/A/CommonAuth
0x00007fff2758b000 	/System/Library/PrivateFrameworks/login.framework/Versions/A/Frameworks/loginsupport.framework/Versions/A/loginsupport
0x00007fff2cffe000 	/System/Library/PrivateFrameworks/AudioSession.framework/Versions/A/AudioSession
0x00007fff2d066000 	/usr/lib/libAudioStatistics.dylib
0x00007fff2b431000 	/System/Library/PrivateFrameworks/MediaExperience.framework/Versions/A/MediaExperience
0x00007fff2ce9b000 	/System/Library/PrivateFrameworks/AudioSession.framework/libSessionUtility.dylib
0x00007fff2da2b000 	/usr/lib/libperfcheck.dylib
0x00007fff2d3af000 	/System/Library/PrivateFrameworks/AudioResourceArbitration.framework/Versions/A/AudioResourceArbitration
0x00007fff2b3ae000 	/System/Library/PrivateFrameworks/IconFoundation.framework/Versions/A/IconFoundation
0x00007fff2fed8000 	/System/Library/PrivateFrameworks/SpeechRecognitionCore.framework/Versions/A/SpeechRecognitionCore
0x00007fff59326000 	/System/Library/CoreServices/Encodings/libJapaneseConverter.dylib
0x000000010f800000 	/Users/tanakashoya/Library/Java/JavaVirtualMachines/corretto-15.0.2/Contents/Home/lib/server/libjvm.dylib
0x000000010b04f000 	/Users/tanakashoya/Library/Java/JavaVirtualMachines/corretto-15.0.2/Contents/Home/lib/libjimage.dylib
0x000000010b06e000 	/Users/tanakashoya/Library/Java/JavaVirtualMachines/corretto-15.0.2/Contents/Home/lib/libinstrument.dylib
0x000000010b097000 	/Users/tanakashoya/Library/Java/JavaVirtualMachines/corretto-15.0.2/Contents/Home/lib/libjava.dylib
0x00000001321ab000 	/Users/tanakashoya/Library/Java/JavaVirtualMachines/corretto-15.0.2/Contents/Home/lib/libzip.dylib
0x00000001321d9000 	/Users/tanakashoya/Library/Java/JavaVirtualMachines/corretto-15.0.2/Contents/Home/lib/libnio.dylib
0x000000013220b000 	/Users/tanakashoya/Library/Java/JavaVirtualMachines/corretto-15.0.2/Contents/Home/lib/libnet.dylib
0x000000013227a000 	/Users/tanakashoya/Library/Java/JavaVirtualMachines/corretto-15.0.2/Contents/Home/lib/libextnet.dylib


VM Arguments:
jvm_args: -ea -Didea.test.cyclic.buffer.size=1048576 -javaagent:/Applications/IntelliJ IDEA CE.app/Contents/lib/idea_rt.jar=54384:/Applications/IntelliJ IDEA CE.app/Contents/bin -Dfile.encoding=UTF-8 
java_command: com.intellij.rt.junit.JUnitStarter -ideVersion5 -junit5 SpellOutTest
java_class_path (initial): /Applications/IntelliJ IDEA CE.app/Contents/lib/idea_rt.jar:/Users/tanakashoya/.m2/repository/org/junit/platform/junit-platform-launcher/1.4.2/junit-platform-launcher-1.4.2.jar:/Applications/IntelliJ IDEA CE.app/Contents/plugins/junit/lib/junit5-rt.jar:/Applications/IntelliJ IDEA CE.app/Contents/plugins/junit/lib/junit-rt.jar:/Users/tanakashoya/workspace/csd_training/out/production/csd_training:/Users/tanakashoya/.m2/repository/org/junit/jupiter/junit-jupiter/5.4.2/junit-jupiter-5.4.2.jar:/Users/tanakashoya/.m2/repository/org/junit/jupiter/junit-jupiter-api/5.4.2/junit-jupiter-api-5.4.2.jar:/Users/tanakashoya/.m2/repository/org/apiguardian/apiguardian-api/1.0.0/apiguardian-api-1.0.0.jar:/Users/tanakashoya/.m2/repository/org/opentest4j/opentest4j/1.1.1/opentest4j-1.1.1.jar:/Users/tanakashoya/.m2/repository/org/junit/platform/junit-platform-commons/1.4.2/junit-platform-commons-1.4.2.jar:/Users/tanakashoya/.m2/repository/org/junit/jupiter/junit-jupiter-params/5.4.2/junit-jupiter-params-5.4.2.jar:/Users/tanakashoya/.m2/repository/org/junit/jupiter/junit-jupiter-engine/5.4.2/junit-jupiter-engine-5.4.2.jar:/Users/tanakashoya/.m2/repository/org/junit/platform/junit-platform-engine/1.4.2/junit-platform-engine-1.4.2.jar
Launcher Type: SUN_STANDARD

[Global flags]
     intx CICompilerCount                          = 4                                         {product} {ergonomic}
     uint ConcGCThreads                            = 2                                         {product} {ergonomic}
     uint G1ConcRefinementThreads                  = 8                                         {product} {ergonomic}
   size_t G1HeapRegionSize                         = 1048576                                   {product} {ergonomic}
    uintx GCDrainStackTargetSize                   = 64                                        {product} {ergonomic}
   size_t InitialHeapSize                          = 134217728                                 {product} {ergonomic}
   size_t MarkStackSize                            = 4194304                                   {product} {ergonomic}
   size_t MaxHeapSize                              = 2147483648                                {product} {ergonomic}
   size_t MaxNewSize                               = 1287651328                                {product} {ergonomic}
   size_t MinHeapDeltaBytes                        = 1048576                                   {product} {ergonomic}
   size_t MinHeapSize                              = 8388608                                   {product} {ergonomic}
    uintx NonNMethodCodeHeapSize                   = 5839372                                {pd product} {ergonomic}
    uintx NonProfiledCodeHeapSize                  = 122909434                              {pd product} {ergonomic}
    uintx ProfiledCodeHeapSize                     = 122909434                              {pd product} {ergonomic}
    uintx ReservedCodeCacheSize                    = 251658240                              {pd product} {ergonomic}
     bool SegmentedCodeCache                       = true                                      {product} {ergonomic}
   size_t SoftMaxHeapSize                          = 2147483648                             {manageable} {ergonomic}
     bool UseCompressedClassPointers               = true                                 {lp64_product} {ergonomic}
     bool UseCompressedOops                        = true                                 {lp64_product} {ergonomic}
     bool UseG1GC                                  = true                                      {product} {ergonomic}
     bool UseNUMA                                  = false                                     {product} {ergonomic}
     bool UseNUMAInterleaving                      = false                                     {product} {ergonomic}

Logging:
Log output configuration:
 #0: stdout all=warning uptime,level,tags
 #1: stderr all=off uptime,level,tags

Environment Variables:
PATH=/usr/local/opt/mysql@5.7/bin:/Users/tanakashoya/.rbenv/shims:/Users/tanakashoya/.rbenv/shims:/usr/local/bin:/usr/bin:/bin:/usr/sbin:/sbin
SHELL=/bin/zsh
LC_CTYPE=ja_JP.UTF-8

Signal Handlers:
SIGSEGV: [libjvm.dylib+0xa6d760], sa_mask[0]=11111111111111111111111111111111, sa_flags=SA_ONSTACK|SA_RESTART|SA_SIGINFO
SIGBUS: [libjvm.dylib+0xa6d760], sa_mask[0]=11111111111111111111111111111111, sa_flags=SA_RESTART|SA_SIGINFO
SIGFPE: [libjvm.dylib+0xa6d760], sa_mask[0]=11111111111111111111111111111111, sa_flags=SA_RESTART|SA_SIGINFO
SIGPIPE: [libjvm.dylib+0x82d4c0], sa_mask[0]=11111111111111111111111111111111, sa_flags=SA_RESTART|SA_SIGINFO
SIGXFSZ: [libjvm.dylib+0x82d4c0], sa_mask[0]=11111111111111111111111111111111, sa_flags=SA_RESTART|SA_SIGINFO
SIGILL: [libjvm.dylib+0xa6d760], sa_mask[0]=11111111111111111111111111111111, sa_flags=SA_RESTART|SA_SIGINFO
SIGUSR2: [libjvm.dylib+0x82df60], sa_mask[0]=00100000000000000000000000000000, sa_flags=SA_RESTART|SA_SIGINFO
SIGHUP: [libjvm.dylib+0x82c6c0], sa_mask[0]=11111111111111111111111111111111, sa_flags=SA_RESTART|SA_SIGINFO
SIGINT: [libjvm.dylib+0x82c6c0], sa_mask[0]=11111111111111111111111111111111, sa_flags=SA_RESTART|SA_SIGINFO
SIGTERM: [libjvm.dylib+0x82c6c0], sa_mask[0]=11111111111111111111111111111111, sa_flags=SA_RESTART|SA_SIGINFO
SIGQUIT: [libjvm.dylib+0x82c6c0], sa_mask[0]=11111111111111111111111111111111, sa_flags=SA_RESTART|SA_SIGINFO


---------------  S Y S T E M  ---------------

OS:uname: Darwin 20.3.0 Darwin Kernel Version 20.3.0: Thu Jan 21 00:06:51 PST 2021; root:xnu-7195.81.3~1/RELEASE_ARM64_T8101 x86_64
OS uptime: 0 days 11:05 hours
rlimit (soft/hard): STACK 8176k/65520k , CORE 0k/infinity , NPROC 1333/2000 , NOFILE 10240/infinity , AS infinity/infinity , CPU infinity/infinity , DATA infinity/infinity , FSIZE infinity/infinity , MEMLOCK infinity/infinity , RSS infinity/infinity
load average: 2.57 2.17 2.10

CPU: total 8 (initial active 8) (1 cores per cpu, 1 threads per core) family 6 model 44 stepping 0 microcode 0x0, cmov, cx8, fxsr, mmx, sse, sse2, sse3, ssse3, sse4.1, sse4.2, popcnt, aes, clmul, tsc, tscinvbit, tscinv, clflush

Memory: 4k page, physical 8388608k(67376k free), swap 5242880k(612608k free)

vm_info: OpenJDK 64-Bit Server VM (15.0.2+7) for bsd-amd64 JRE (15.0.2+7), built on Jan 20 2021 14:15:49 by "jenkins" with clang Apple LLVM 12.0.0 (clang-1200.0.32.28)

END.
